Started GET "/events" for 127.0.0.1 at 2022-10-26 17:05:19 +0300
  [1m[36mActiveRecord::SchemaMigration Pluck (11.9ms)[0m  [1m[34mSELECT `schema_migrations`.`version` FROM `schema_migrations` ORDER BY `schema_migrations`.`version` ASC[0m
  [1m[36mCACHE ActiveRecord::SchemaMigration Pluck (0.1ms)[0m  [1m[34mSELECT `schema_migrations`.`version` FROM `schema_migrations` ORDER BY `schema_migrations`.`version` ASC[0m
  
ActiveRecord::PendingMigrationError (

Migrations are pending. To resolve this issue, run:

        bin/rails db:migrate RAILS_ENV=development

You have 1 pending migration:

20221026111518_create_home_banners.rb


):
  
activerecord (7.0.4) lib/active_record/migration.rb:627:in `check_pending!'
activerecord (7.0.4) lib/active_record/migration.rb:592:in `block (2 levels) in call'
activesupport (7.0.4) lib/active_support/file_update_checker.rb:83:in `execute'

activerecord (7.0.4) lib/active_record/migration.rb:597:in `block in call'
activerecord (7.0.4) lib/active_record/migration.rb:589:in `synchronize'
activerecord (7.0.4) lib/active_record/migration.rb:589:in `call'
actionpack (7.0.4) lib/action_dispatch/middleware/callbacks.rb:27:in `block in call'
activesupport (7.0.4) lib/active_support/callbacks.rb:99:in `run_callbacks'
actionpack (7.0.4) lib/action_dispatch/middleware/callbacks.rb:26:in `call'
actionpack (7.0.4) lib/action_dispatch/middleware/executor.rb:14:in `call'
actionpack (7.0.4) lib/action_dispatch/middleware/actionable_exceptions.rb:17:in `call'
actionpack (7.0.4) lib/action_dispatch/middleware/debug_exceptions.rb:28:in `call'
actionpack (7.0.4) lib/action_dispatch/middleware/show_exceptions.rb:26:in `call'
railties (7.0.4) lib/rails/rack/logger.rb:40:in `call_app'
railties (7.0.4) lib/rails/rack/logger.rb:25:in `block in call'
activesupport (7.0.4) lib/active_support/tagged_logging.rb:99:in `block in tagged'
activesupport (7.0.4) lib/active_support/tagged_logging.rb:37:in `tagged'
activesupport (7.0.4) lib/active_support/tagged_logging.rb:99:in `tagged'
railties (7.0.4) lib/rails/rack/logger.rb:25:in `call'
actionpack (7.0.4) lib/action_dispatch/middleware/remote_ip.rb:93:in `call'
actionpack (7.0.4) lib/action_dispatch/middleware/request_id.rb:26:in `call'
rack (2.2.4) lib/rack/method_override.rb:24:in `call'
rack (2.2.4) lib/rack/runtime.rb:22:in `call'
activesupport (7.0.4) lib/active_support/cache/strategy/local_cache_middleware.rb:29:in `call'
actionpack (7.0.4) lib/action_dispatch/middleware/server_timing.rb:61:in `block in call'
actionpack (7.0.4) lib/action_dispatch/middleware/server_timing.rb:26:in `collect_events'
actionpack (7.0.4) lib/action_dispatch/middleware/server_timing.rb:60:in `call'
actionpack (7.0.4) lib/action_dispatch/middleware/executor.rb:14:in `call'
actionpack (7.0.4) lib/action_dispatch/middleware/static.rb:23:in `call'
rack (2.2.4) lib/rack/sendfile.rb:110:in `call'
actionpack (7.0.4) lib/action_dispatch/middleware/host_authorization.rb:137:in `call'
rack-cors (1.1.1) lib/rack/cors.rb:100:in `call'
railties (7.0.4) lib/rails/engine.rb:530:in `call'
puma (5.6.5) lib/puma/configuration.rb:252:in `call'
puma (5.6.5) lib/puma/request.rb:77:in `block in handle_request'
puma (5.6.5) lib/puma/thread_pool.rb:340:in `with_force_shutdown'
puma (5.6.5) lib/puma/request.rb:76:in `handle_request'
puma (5.6.5) lib/puma/server.rb:443:in `process_client'
puma (5.6.5) lib/puma/thread_pool.rb:147:in `block in spawn_thread'
Started GET "/home_banners" for 127.0.0.1 at 2022-10-26 17:05:20 +0300
  [1m[36mActiveRecord::SchemaMigration Pluck (0.4ms)[0m  [1m[34mSELECT `schema_migrations`.`version` FROM `schema_migrations` ORDER BY `schema_migrations`.`version` ASC[0m
  [1m[36mCACHE ActiveRecord::SchemaMigration Pluck (0.0ms)[0m  [1m[34mSELECT `schema_migrations`.`version` FROM `schema_migrations` ORDER BY `schema_migrations`.`version` ASC[0m
  
ActiveRecord::PendingMigrationError (

Migrations are pending. To resolve this issue, run:

        bin/rails db:migrate RAILS_ENV=development

You have 1 pending migration:

20221026111518_create_home_banners.rb


):
  
activerecord (7.0.4) lib/active_record/migration.rb:627:in `check_pending!'
activerecord (7.0.4) lib/active_record/migration.rb:592:in `block (2 levels) in call'
activesupport (7.0.4) lib/active_support/file_update_checker.rb:83:in `execute'
activerecord (7.0.4) lib/active_record/migration.rb:597:in `block in call'
activerecord (7.0.4) lib/active_record/migration.rb:589:in `synchronize'
activerecord (7.0.4) lib/active_record/migration.rb:589:in `call'
actionpack (7.0.4) lib/action_dispatch/middleware/callbacks.rb:27:in `block in call'
activesupport (7.0.4) lib/active_support/callbacks.rb:99:in `run_callbacks'
actionpack (7.0.4) lib/action_dispatch/middleware/callbacks.rb:26:in `call'
actionpack (7.0.4) lib/action_dispatch/middleware/executor.rb:14:in `call'
actionpack (7.0.4) lib/action_dispatch/middleware/actionable_exceptions.rb:17:in `call'
actionpack (7.0.4) lib/action_dispatch/middleware/debug_exceptions.rb:28:in `call'
actionpack (7.0.4) lib/action_dispatch/middleware/show_exceptions.rb:26:in `call'
railties (7.0.4) lib/rails/rack/logger.rb:40:in `call_app'
railties (7.0.4) lib/rails/rack/logger.rb:25:in `block in call'
activesupport (7.0.4) lib/active_support/tagged_logging.rb:99:in `block in tagged'
activesupport (7.0.4) lib/active_support/tagged_logging.rb:37:in `tagged'
activesupport (7.0.4) lib/active_support/tagged_logging.rb:99:in `tagged'
railties (7.0.4) lib/rails/rack/logger.rb:25:in `call'
actionpack (7.0.4) lib/action_dispatch/middleware/remote_ip.rb:93:in `call'
actionpack (7.0.4) lib/action_dispatch/middleware/request_id.rb:26:in `call'
rack (2.2.4) lib/rack/method_override.rb:24:in `call'
rack (2.2.4) lib/rack/runtime.rb:22:in `call'
activesupport (7.0.4) lib/active_support/cache/strategy/local_cache_middleware.rb:29:in `call'
actionpack (7.0.4) lib/action_dispatch/middleware/server_timing.rb:61:in `block in call'
actionpack (7.0.4) lib/action_dispatch/middleware/server_timing.rb:26:in `collect_events'
actionpack (7.0.4) lib/action_dispatch/middleware/server_timing.rb:60:in `call'
actionpack (7.0.4) lib/action_dispatch/middleware/executor.rb:14:in `call'
actionpack (7.0.4) lib/action_dispatch/middleware/static.rb:23:in `call'
rack (2.2.4) lib/rack/sendfile.rb:110:in `call'
actionpack (7.0.4) lib/action_dispatch/middleware/host_authorization.rb:137:in `call'
rack-cors (1.1.1) lib/rack/cors.rb:100:in `call'
railties (7.0.4) lib/rails/engine.rb:530:in `call'
puma (5.6.5) lib/puma/configuration.rb:252:in `call'
puma (5.6.5) lib/puma/request.rb:77:in `block in handle_request'
puma (5.6.5) lib/puma/thread_pool.rb:340:in `with_force_shutdown'
puma (5.6.5) lib/puma/request.rb:76:in `handle_request'
puma (5.6.5) lib/puma/server.rb:443:in `process_client'
puma (5.6.5) lib/puma/thread_pool.rb:147:in `block in spawn_thread'
  [1m[36mActiveRecord::SchemaMigration Pluck (0.8ms)[0m  [1m[34mSELECT `schema_migrations`.`version` FROM `schema_migrations` ORDER BY `schema_migrations`.`version` ASC[0m
  [1m[36mActiveRecord::SchemaMigration Pluck (32.0ms)[0m  [1m[34mSELECT `schema_migrations`.`version` FROM `schema_migrations` ORDER BY `schema_migrations`.`version` ASC[0m
  [1m[36mActiveRecord::SchemaMigration Pluck (0.4ms)[0m  [1m[34mSELECT `schema_migrations`.`version` FROM `schema_migrations` ORDER BY `schema_migrations`.`version` ASC[0m
  [1m[35m (158.0ms)[0m  [1m[34mSELECT GET_LOCK('4823492743188718095', 0)[0m
  [1m[36mActiveRecord::SchemaMigration Pluck (0.9ms)[0m  [1m[34mSELECT `schema_migrations`.`version` FROM `schema_migrations` ORDER BY `schema_migrations`.`version` ASC[0m
Migrating to CreateCommunities (20221022095313)
  [1m[35m (540.8ms)[0m  [1m[35mDROP TABLE `communities`[0m
  [1m[36mActiveRecord::SchemaMigration Delete All (124.7ms)[0m  [1m[31mDELETE FROM `schema_migrations` WHERE `schema_migrations`.`version` = '20221022095313'[0m
  [1m[35m (0.3ms)[0m  [1m[34mSELECT RELEASE_LOCK('4823492743188718095')[0m
  [1m[36mActiveRecord::SchemaMigration Pluck (12.2ms)[0m  [1m[34mSELECT `schema_migrations`.`version` FROM `schema_migrations` ORDER BY `schema_migrations`.`version` ASC[0m
  [1m[36mActiveRecord::SchemaMigration Pluck (0.8ms)[0m  [1m[34mSELECT `schema_migrations`.`version` FROM `schema_migrations` ORDER BY `schema_migrations`.`version` ASC[0m
  [1m[36mActiveRecord::SchemaMigration Pluck (0.7ms)[0m  [1m[34mSELECT `schema_migrations`.`version` FROM `schema_migrations` ORDER BY `schema_migrations`.`version` ASC[0m
  [1m[36mActiveRecord::SchemaMigration Pluck (0.7ms)[0m  [1m[34mSELECT `schema_migrations`.`version` FROM `schema_migrations` ORDER BY `schema_migrations`.`version` ASC[0m
  [1m[35m (0.8ms)[0m  [1m[34mSELECT GET_LOCK('4823492743188718095', 0)[0m
  [1m[36mActiveRecord::SchemaMigration Pluck (0.8ms)[0m  [1m[34mSELECT `schema_migrations`.`version` FROM `schema_migrations` ORDER BY `schema_migrations`.`version` ASC[0m
Migrating to CreateAbouts (20221022094804)
  [1m[35m (270.6ms)[0m  [1m[35mDROP TABLE `abouts`[0m
  [1m[36mActiveRecord::SchemaMigration Delete All (84.9ms)[0m  [1m[31mDELETE FROM `schema_migrations` WHERE `schema_migrations`.`version` = '20221022094804'[0m
  [1m[35m (0.2ms)[0m  [1m[34mSELECT RELEASE_LOCK('4823492743188718095')[0m
  [1m[36mActiveRecord::SchemaMigration Pluck (44.8ms)[0m  [1m[34mSELECT `schema_migrations`.`version` FROM `schema_migrations` ORDER BY `schema_migrations`.`version` ASC[0m
  [1m[36mActiveRecord::SchemaMigration Pluck (0.2ms)[0m  [1m[34mSELECT `schema_migrations`.`version` FROM `schema_migrations` ORDER BY `schema_migrations`.`version` ASC[0m
  [1m[36mActiveRecord::SchemaMigration Pluck (16.2ms)[0m  [1m[34mSELECT `schema_migrations`.`version` FROM `schema_migrations` ORDER BY `schema_migrations`.`version` ASC[0m
  [1m[36mActiveRecord::SchemaMigration Pluck (0.7ms)[0m  [1m[34mSELECT `schema_migrations`.`version` FROM `schema_migrations` ORDER BY `schema_migrations`.`version` ASC[0m
  [1m[35m (0.6ms)[0m  [1m[34mSELECT GET_LOCK('4823492743188718095', 0)[0m
  [1m[36mActiveRecord::SchemaMigration Pluck (0.7ms)[0m  [1m[34mSELECT `schema_migrations`.`version` FROM `schema_migrations` ORDER BY `schema_migrations`.`version` ASC[0m
Migrating to CreateTickets (20221022050648)
  [1m[35m (274.0ms)[0m  [1m[35mDROP TABLE `tickets`[0m
  [1m[36mActiveRecord::SchemaMigration Delete All (50.6ms)[0m  [1m[31mDELETE FROM `schema_migrations` WHERE `schema_migrations`.`version` = '20221022050648'[0m
  [1m[35m (0.3ms)[0m  [1m[34mSELECT RELEASE_LOCK('4823492743188718095')[0m
  [1m[36mActiveRecord::SchemaMigration Pluck (0.4ms)[0m  [1m[34mSELECT `schema_migrations`.`version` FROM `schema_migrations` ORDER BY `schema_migrations`.`version` ASC[0m
  [1m[36mActiveRecord::SchemaMigration Pluck (0.2ms)[0m  [1m[34mSELECT `schema_migrations`.`version` FROM `schema_migrations` ORDER BY `schema_migrations`.`version` ASC[0m
  [1m[36mActiveRecord::SchemaMigration Pluck (0.2ms)[0m  [1m[34mSELECT `schema_migrations`.`version` FROM `schema_migrations` ORDER BY `schema_migrations`.`version` ASC[0m
  [1m[36mActiveRecord::SchemaMigration Pluck (0.3ms)[0m  [1m[34mSELECT `schema_migrations`.`version` FROM `schema_migrations` ORDER BY `schema_migrations`.`version` ASC[0m
  [1m[35m (0.2ms)[0m  [1m[34mSELECT GET_LOCK('4823492743188718095', 0)[0m
  [1m[36mActiveRecord::SchemaMigration Pluck (0.3ms)[0m  [1m[34mSELECT `schema_migrations`.`version` FROM `schema_migrations` ORDER BY `schema_migrations`.`version` ASC[0m
Migrating to CreateEvents (20221022030747)
  [1m[35m (275.9ms)[0m  [1m[35mDROP TABLE `events`[0m
  [1m[36mActiveRecord::SchemaMigration Delete All (73.7ms)[0m  [1m[31mDELETE FROM `schema_migrations` WHERE `schema_migrations`.`version` = '20221022030747'[0m
  [1m[35m (0.3ms)[0m  [1m[34mSELECT RELEASE_LOCK('4823492743188718095')[0m
  [1m[36mActiveRecord::SchemaMigration Pluck (0.9ms)[0m  [1m[34mSELECT `schema_migrations`.`version` FROM `schema_migrations` ORDER BY `schema_migrations`.`version` ASC[0m
  [1m[36mActiveRecord::SchemaMigration Pluck (0.4ms)[0m  [1m[34mSELECT `schema_migrations`.`version` FROM `schema_migrations` ORDER BY `schema_migrations`.`version` ASC[0m
  [1m[36mActiveRecord::SchemaMigration Pluck (0.3ms)[0m  [1m[34mSELECT `schema_migrations`.`version` FROM `schema_migrations` ORDER BY `schema_migrations`.`version` ASC[0m
  [1m[36mActiveRecord::SchemaMigration Pluck (0.3ms)[0m  [1m[34mSELECT `schema_migrations`.`version` FROM `schema_migrations` ORDER BY `schema_migrations`.`version` ASC[0m
  [1m[35m (0.2ms)[0m  [1m[34mSELECT GET_LOCK('4823492743188718095', 0)[0m
  [1m[36mActiveRecord::SchemaMigration Pluck (0.2ms)[0m  [1m[34mSELECT `schema_migrations`.`version` FROM `schema_migrations` ORDER BY `schema_migrations`.`version` ASC[0m
Migrating to CreateUserProfiles (20221021182342)
  [1m[35m (262.9ms)[0m  [1m[35mDROP TABLE `user_profiles`[0m
  [1m[36mActiveRecord::SchemaMigration Delete All (51.4ms)[0m  [1m[31mDELETE FROM `schema_migrations` WHERE `schema_migrations`.`version` = '20221021182342'[0m
  [1m[35m (0.6ms)[0m  [1m[34mSELECT RELEASE_LOCK('4823492743188718095')[0m
  [1m[36mActiveRecord::SchemaMigration Pluck (0.4ms)[0m  [1m[34mSELECT `schema_migrations`.`version` FROM `schema_migrations` ORDER BY `schema_migrations`.`version` ASC[0m
  [1m[36mActiveRecord::SchemaMigration Pluck (0.2ms)[0m  [1m[34mSELECT `schema_migrations`.`version` FROM `schema_migrations` ORDER BY `schema_migrations`.`version` ASC[0m
  [1m[36mActiveRecord::SchemaMigration Pluck (0.2ms)[0m  [1m[34mSELECT `schema_migrations`.`version` FROM `schema_migrations` ORDER BY `schema_migrations`.`version` ASC[0m
  [1m[36mActiveRecord::SchemaMigration Pluck (0.2ms)[0m  [1m[34mSELECT `schema_migrations`.`version` FROM `schema_migrations` ORDER BY `schema_migrations`.`version` ASC[0m
  [1m[35m (0.6ms)[0m  [1m[34mSELECT GET_LOCK('4823492743188718095', 0)[0m
  [1m[36mActiveRecord::SchemaMigration Pluck (0.8ms)[0m  [1m[34mSELECT `schema_migrations`.`version` FROM `schema_migrations` ORDER BY `schema_migrations`.`version` ASC[0m
Migrating to CreateCategories (20221020091547)
  [1m[35m (270.5ms)[0m  [1m[35mDROP TABLE `categories`[0m
  [1m[36mActiveRecord::SchemaMigration Delete All (100.7ms)[0m  [1m[31mDELETE FROM `schema_migrations` WHERE `schema_migrations`.`version` = '20221020091547'[0m
  [1m[35m (0.8ms)[0m  [1m[34mSELECT RELEASE_LOCK('4823492743188718095')[0m
  [1m[36mActiveRecord::SchemaMigration Pluck (45.5ms)[0m  [1m[34mSELECT `schema_migrations`.`version` FROM `schema_migrations` ORDER BY `schema_migrations`.`version` ASC[0m
  [1m[36mActiveRecord::SchemaMigration Pluck (0.3ms)[0m  [1m[34mSELECT `schema_migrations`.`version` FROM `schema_migrations` ORDER BY `schema_migrations`.`version` ASC[0m
  [1m[36mActiveRecord::SchemaMigration Pluck (0.2ms)[0m  [1m[34mSELECT `schema_migrations`.`version` FROM `schema_migrations` ORDER BY `schema_migrations`.`version` ASC[0m
  [1m[36mActiveRecord::SchemaMigration Pluck (0.3ms)[0m  [1m[34mSELECT `schema_migrations`.`version` FROM `schema_migrations` ORDER BY `schema_migrations`.`version` ASC[0m
  [1m[35m (0.4ms)[0m  [1m[34mSELECT GET_LOCK('4823492743188718095', 0)[0m
  [1m[36mActiveRecord::SchemaMigration Pluck (0.5ms)[0m  [1m[34mSELECT `schema_migrations`.`version` FROM `schema_migrations` ORDER BY `schema_migrations`.`version` ASC[0m
Migrating to CreateUsers (20221020085515)
  [1m[35m (324.1ms)[0m  [1m[35mDROP TABLE `users`[0m
  [1m[36mActiveRecord::SchemaMigration Delete All (52.4ms)[0m  [1m[31mDELETE FROM `schema_migrations` WHERE `schema_migrations`.`version` = '20221020085515'[0m
  [1m[35m (0.5ms)[0m  [1m[34mSELECT RELEASE_LOCK('4823492743188718095')[0m
  [1m[36mActiveRecord::SchemaMigration Pluck (0.5ms)[0m  [1m[34mSELECT `schema_migrations`.`version` FROM `schema_migrations` ORDER BY `schema_migrations`.`version` ASC[0m
  [1m[36mActiveRecord::SchemaMigration Pluck (0.2ms)[0m  [1m[34mSELECT `schema_migrations`.`version` FROM `schema_migrations` ORDER BY `schema_migrations`.`version` ASC[0m
  [1m[36mActiveRecord::SchemaMigration Pluck (0.3ms)[0m  [1m[34mSELECT `schema_migrations`.`version` FROM `schema_migrations` ORDER BY `schema_migrations`.`version` ASC[0m
  [1m[35m (0.8ms)[0m  [1m[34mSELECT GET_LOCK('4823492743188718095', 0)[0m
  [1m[36mActiveRecord::SchemaMigration Pluck (0.8ms)[0m  [1m[34mSELECT `schema_migrations`.`version` FROM `schema_migrations` ORDER BY `schema_migrations`.`version` ASC[0m
  [1m[35m (0.6ms)[0m  [1m[34mSELECT RELEASE_LOCK('4823492743188718095')[0m
  [1m[36mActiveRecord::SchemaMigration Pluck (0.9ms)[0m  [1m[34mSELECT `schema_migrations`.`version` FROM `schema_migrations` ORDER BY `schema_migrations`.`version` ASC[0m
  [1m[35m (0.3ms)[0m  [1m[34mSELECT GET_LOCK('4823492743188718095', 0)[0m
  [1m[36mActiveRecord::SchemaMigration Pluck (0.3ms)[0m  [1m[34mSELECT `schema_migrations`.`version` FROM `schema_migrations` ORDER BY `schema_migrations`.`version` ASC[0m
Migrating to CreateUsers (20221020085515)
  [1m[35m (475.8ms)[0m  [1m[35mCREATE TABLE `users` (`id` bigint NOT NULL AUTO_INCREMENT PRIMARY KEY, `email` varchar(255), `username` varchar(255), `password_digest` varchar(255), `is_organiser` tinyint(1), `created_at` datetime(6) NOT NULL, `updated_at` datetime(6) NOT NULL)[0m
  [1m[36mTRANSACTION (0.5ms)[0m  [1m[35mBEGIN[0m
  [1m[36mActiveRecord::SchemaMigration Create (0.7ms)[0m  [1m[32mINSERT INTO `schema_migrations` (`version`) VALUES ('20221020085515')[0m
  [1m[36mTRANSACTION (171.8ms)[0m  [1m[35mCOMMIT[0m
Migrating to CreateCategories (20221020091547)
  [1m[35m (425.8ms)[0m  [1m[35mCREATE TABLE `categories` (`id` bigint NOT NULL AUTO_INCREMENT PRIMARY KEY, `title` varchar(255), `banner_img` varchar(255), `created_at` datetime(6) NOT NULL, `updated_at` datetime(6) NOT NULL)[0m
  [1m[36mTRANSACTION (0.6ms)[0m  [1m[35mBEGIN[0m
  [1m[36mActiveRecord::SchemaMigration Create (0.8ms)[0m  [1m[32mINSERT INTO `schema_migrations` (`version`) VALUES ('20221020091547')[0m
  [1m[36mTRANSACTION (48.4ms)[0m  [1m[35mCOMMIT[0m
Migrating to CreateUserProfiles (20221021182342)
  [1m[35m (469.0ms)[0m  [1m[35mCREATE TABLE `user_profiles` (`id` bigint NOT NULL AUTO_INCREMENT PRIMARY KEY, `user_id` int, `full_name` varchar(255), `avatar_img` varchar(255), `phone_number` varchar(255), `bio` text, `gender` varchar(255), `created_at` datetime(6) NOT NULL, `updated_at` datetime(6) NOT NULL)[0m
  [1m[36mTRANSACTION (0.3ms)[0m  [1m[35mBEGIN[0m
  [1m[36mActiveRecord::SchemaMigration Create (0.2ms)[0m  [1m[32mINSERT INTO `schema_migrations` (`version`) VALUES ('20221021182342')[0m
  [1m[36mTRANSACTION (56.5ms)[0m  [1m[35mCOMMIT[0m
Migrating to CreateEvents (20221022030747)
  [1m[35m (360.3ms)[0m  [1m[35mCREATE TABLE `events` (`id` bigint NOT NULL AUTO_INCREMENT PRIMARY KEY, `category_id` int, `title` varchar(255), `event_date` date, `event_time` time, `ticket_format` varchar(255), `early_booking_end_date` date, `early_booking_end_time` time, `early_booking_price_regular` int, `early_booking_price_vip` int, `location` varchar(255), `regular_price` int, `vip_price` int, `vip_no_of_tickets` int, `regular_no_of_tickets` int, `banner_img` varchar(255), `description` varchar(255), `image_url1` varchar(255), `image_url2` varchar(255), `created_at` datetime(6) NOT NULL, `updated_at` datetime(6) NOT NULL)[0m
  [1m[36mTRANSACTION (0.6ms)[0m  [1m[35mBEGIN[0m
  [1m[36mActiveRecord::SchemaMigration Create (0.8ms)[0m  [1m[32mINSERT INTO `schema_migrations` (`version`) VALUES ('20221022030747')[0m
  [1m[36mTRANSACTION (50.7ms)[0m  [1m[35mCOMMIT[0m
Migrating to CreateTickets (20221022050648)
  [1m[35m (350.5ms)[0m  [1m[35mCREATE TABLE `tickets` (`id` bigint NOT NULL AUTO_INCREMENT PRIMARY KEY, `ticket_no` varchar(255), `user_id` int, `event_id` int, `is_vip` tinyint(1), `number_of_vip_tickets` int, `is_regular` tinyint(1), `number_of_regular_tickets` int, `created_at` datetime(6) NOT NULL, `updated_at` datetime(6) NOT NULL)[0m
  [1m[36mTRANSACTION (0.6ms)[0m  [1m[35mBEGIN[0m
  [1m[36mActiveRecord::SchemaMigration Create (0.8ms)[0m  [1m[32mINSERT INTO `schema_migrations` (`version`) VALUES ('20221022050648')[0m
  [1m[36mTRANSACTION (88.9ms)[0m  [1m[35mCOMMIT[0m
Migrating to CreateAbouts (20221022094804)
  [1m[35m (413.5ms)[0m  [1m[35mCREATE TABLE `abouts` (`id` bigint NOT NULL AUTO_INCREMENT PRIMARY KEY, `about_img` varchar(255), `about_description` text, `created_at` datetime(6) NOT NULL, `updated_at` datetime(6) NOT NULL)[0m
  [1m[36mTRANSACTION (0.5ms)[0m  [1m[35mBEGIN[0m
  [1m[36mActiveRecord::SchemaMigration Create (0.3ms)[0m  [1m[32mINSERT INTO `schema_migrations` (`version`) VALUES ('20221022094804')[0m
  [1m[36mTRANSACTION (55.9ms)[0m  [1m[35mCOMMIT[0m
Migrating to CreateCommunities (20221022095313)
  [1m[35m (354.7ms)[0m  [1m[35mCREATE TABLE `communities` (`id` bigint NOT NULL AUTO_INCREMENT PRIMARY KEY, `community_description` text, `community_img` varchar(255), `created_at` datetime(6) NOT NULL, `updated_at` datetime(6) NOT NULL)[0m
  [1m[36mTRANSACTION (0.5ms)[0m  [1m[35mBEGIN[0m
  [1m[36mActiveRecord::SchemaMigration Create (0.7ms)[0m  [1m[32mINSERT INTO `schema_migrations` (`version`) VALUES ('20221022095313')[0m
  [1m[36mTRANSACTION (150.8ms)[0m  [1m[35mCOMMIT[0m
Migrating to CreateHomeBanners (20221026111518)
  [1m[35m (597.9ms)[0m  [1m[35mCREATE TABLE `home_banners` (`id` bigint NOT NULL AUTO_INCREMENT PRIMARY KEY, `title` varchar(255), `image_url` varchar(255), `created_at` datetime(6) NOT NULL, `updated_at` datetime(6) NOT NULL)[0m
  [1m[36mTRANSACTION (0.6ms)[0m  [1m[35mBEGIN[0m
  [1m[36mActiveRecord::SchemaMigration Create (0.8ms)[0m  [1m[32mINSERT INTO `schema_migrations` (`version`) VALUES ('20221026111518')[0m
  [1m[36mTRANSACTION (50.8ms)[0m  [1m[35mCOMMIT[0m
  [1m[36mActiveRecord::InternalMetadata Load (0.6ms)[0m  [1m[34mSELECT `ar_internal_metadata`.* FROM `ar_internal_metadata` WHERE `ar_internal_metadata`.`key` = 'environment' LIMIT 1[0m
  [1m[35m (0.3ms)[0m  [1m[34mSELECT RELEASE_LOCK('4823492743188718095')[0m
  [1m[36mActiveRecord::SchemaMigration Pluck (0.3ms)[0m  [1m[34mSELECT `schema_migrations`.`version` FROM `schema_migrations` ORDER BY `schema_migrations`.`version` ASC[0m
  [1m[36mActiveRecord::SchemaMigration Pluck (0.2ms)[0m  [1m[34mSELECT `schema_migrations`.`version` FROM `schema_migrations` ORDER BY `schema_migrations`.`version` ASC[0m
  [1m[36mTRANSACTION (0.3ms)[0m  [1m[35mBEGIN[0m
  [1m[36mUser Create (0.4ms)[0m  [1m[32mINSERT INTO `users` (`email`, `username`, `password_digest`, `is_organiser`, `created_at`, `updated_at`) VALUES ('kihahumutagah@gmail.com', 'mutaga', '$2a$12$Q8Kr4dwVJ1uS1strMJqJbuOW0A0Rbf46c56Wz9XsbI17K/sL1vnlO', FALSE, '2022-10-26 14:07:20.456599', '2022-10-26 14:07:20.456599')[0m
  [1m[36mTRANSACTION (100.0ms)[0m  [1m[35mCOMMIT[0m
  [1m[36mTRANSACTION (0.3ms)[0m  [1m[35mBEGIN[0m
  [1m[36mUser Create (0.4ms)[0m  [1m[32mINSERT INTO `users` (`email`, `username`, `password_digest`, `is_organiser`, `created_at`, `updated_at`) VALUES ('jeskajenipher@gmail.com', 'jeska', '$2a$12$ICdbtAq5ZvfQwpIFOvGbHOUrct21tN69pae6iHBilMTTnZRcTNisK', TRUE, '2022-10-26 14:07:20.813774', '2022-10-26 14:07:20.813774')[0m
  [1m[36mTRANSACTION (107.9ms)[0m  [1m[35mCOMMIT[0m
  [1m[36mTRANSACTION (0.3ms)[0m  [1m[35mBEGIN[0m
  [1m[36mUser Create (0.3ms)[0m  [1m[32mINSERT INTO `users` (`email`, `username`, `password_digest`, `is_organiser`, `created_at`, `updated_at`) VALUES ('keithwesley@gmail.com', 'keith', '$2a$12$uP4RiUawRc7oKb17DgAFpu2N8luHliqk/ZTHa17VIxzVy5wmDrqsu', FALSE, '2022-10-26 14:07:21.158247', '2022-10-26 14:07:21.158247')[0m
  [1m[36mTRANSACTION (151.3ms)[0m  [1m[35mCOMMIT[0m
  [1m[36mTRANSACTION (0.3ms)[0m  [1m[35mBEGIN[0m
  [1m[36mUser Create (0.4ms)[0m  [1m[32mINSERT INTO `users` (`email`, `username`, `password_digest`, `is_organiser`, `created_at`, `updated_at`) VALUES ('nyalemwasaha@gmail.com', 'elvis', '$2a$12$olZhe4qrPHGHd8fBYAxfquSIWkC3/1q9zi9FDYAFtlWkjPr7kCrx.', FALSE, '2022-10-26 14:07:21.577515', '2022-10-26 14:07:21.577515')[0m
  [1m[36mTRANSACTION (70.3ms)[0m  [1m[35mCOMMIT[0m
  [1m[36mTRANSACTION (0.3ms)[0m  [1m[35mBEGIN[0m
  [1m[36mUser Create (0.3ms)[0m  [1m[32mINSERT INTO `users` (`email`, `username`, `password_digest`, `is_organiser`, `created_at`, `updated_at`) VALUES ('kibirafrancis@gmail.com', 'francis', '$2a$12$VDoVSWGV8MkwQo60NPUUpen4cSfAlkmKePGJHXm9vCFWfGJTJBYne', FALSE, '2022-10-26 14:07:21.899033', '2022-10-26 14:07:21.899033')[0m
  [1m[36mTRANSACTION (131.1ms)[0m  [1m[35mCOMMIT[0m
  [1m[36mTRANSACTION (0.3ms)[0m  [1m[35mBEGIN[0m
  [1m[36mCategory Create (0.4ms)[0m  [1m[32mINSERT INTO `categories` (`title`, `banner_img`, `created_at`, `updated_at`) VALUES ('Music', 'https://img.freepik.com/premium-photo/guitarist-stage-background-soft-blur-concept_34200-251.jpg?w=1800', '2022-10-26 14:07:22.080484', '2022-10-26 14:07:22.080484')[0m
  [1m[36mTRANSACTION (53.9ms)[0m  [1m[35mCOMMIT[0m
  [1m[36mTRANSACTION (0.6ms)[0m  [1m[35mBEGIN[0m
  [1m[36mCategory Create (0.8ms)[0m  [1m[32mINSERT INTO `categories` (`title`, `banner_img`, `created_at`, `updated_at`) VALUES ('Business', 'https://img.freepik.com/premium-psd/business-promotion-corporate-web-banner-template_120329-748.jpg?w=1380', '2022-10-26 14:07:22.140371', '2022-10-26 14:07:22.140371')[0m
  [1m[36mTRANSACTION (50.4ms)[0m  [1m[35mCOMMIT[0m
  [1m[36mTRANSACTION (0.7ms)[0m  [1m[35mBEGIN[0m
  [1m[36mCategory Create (0.8ms)[0m  [1m[32mINSERT INTO `categories` (`title`, `banner_img`, `created_at`, `updated_at`) VALUES ('Games', 'https://img.freepik.com/free-psd/flat-design-video-games-template_23-2149287300.jpg?w=1380&t=st=1666405384~exp=1666405984~hmac=ca774ed95e1223ffa38e863cab0bb5b5f749c0c9d7df009e08b36e9f24712909', '2022-10-26 14:07:22.200694', '2022-10-26 14:07:22.200694')[0m
  [1m[36mTRANSACTION (50.2ms)[0m  [1m[35mCOMMIT[0m
  [1m[36mTRANSACTION (0.7ms)[0m  [1m[35mBEGIN[0m
  [1m[36mCategory Create (0.8ms)[0m  [1m[32mINSERT INTO `categories` (`title`, `banner_img`, `created_at`, `updated_at`) VALUES ('Hobbies', 'https://img.freepik.com/free-vector/set-young-people-with-various-professions_74855-3784.jpg?w=1380&t=st=1666405791~exp=1666406391~hmac=8911666a4b638cebb82a60a50ec0fe4312f0d1d0a3f2b85025f49c342da7e3df', '2022-10-26 14:07:22.261148', '2022-10-26 14:07:22.261148')[0m
  [1m[36mTRANSACTION (50.1ms)[0m  [1m[35mCOMMIT[0m
  [1m[36mTRANSACTION (0.7ms)[0m  [1m[35mBEGIN[0m
  [1m[36mCategory Create (0.8ms)[0m  [1m[32mINSERT INTO `categories` (`title`, `banner_img`, `created_at`, `updated_at`) VALUES ('Food & Drink', 'https://img.freepik.com/free-vector/bio-healthy-food-banner_23-2148852378.jpg?w=1380&t=st=1666405704~exp=1666406304~hmac=d9bb76f60ceb6814c634f432f01e8a4ef216f9d34038a15c0e57cd4c0a7286cf', '2022-10-26 14:07:22.322010', '2022-10-26 14:07:22.322010')[0m
  [1m[36mTRANSACTION (49.8ms)[0m  [1m[35mCOMMIT[0m
  [1m[36mTRANSACTION (0.6ms)[0m  [1m[35mBEGIN[0m
  [1m[36mCategory Create (0.9ms)[0m  [1m[32mINSERT INTO `categories` (`title`, `banner_img`, `created_at`, `updated_at`) VALUES ('Performing Arts', 'https://png.pngtree.com/background/20210709/original/pngtree-passion-concert-background-picture-image_480410.jpg', '2022-10-26 14:07:22.382527', '2022-10-26 14:07:22.382527')[0m
  [1m[36mTRANSACTION (49.7ms)[0m  [1m[35mCOMMIT[0m
  [1m[36mTRANSACTION (0.6ms)[0m  [1m[35mBEGIN[0m
  [1m[36mCategory Create (0.8ms)[0m  [1m[32mINSERT INTO `categories` (`title`, `banner_img`, `created_at`, `updated_at`) VALUES ('Sciences', 'https://png.pngtree.com/background/20211215/original/pngtree-real-shot-laboratory-do-experiment-test-tube-plus-pharmacy-science-biochemistry-picture-image_1475609.jpg', '2022-10-26 14:07:22.443084', '2022-10-26 14:07:22.443084')[0m
  [1m[36mTRANSACTION (49.3ms)[0m  [1m[35mCOMMIT[0m
  [1m[36mTRANSACTION (0.7ms)[0m  [1m[35mBEGIN[0m
  [1m[36mCategory Create (0.8ms)[0m  [1m[32mINSERT INTO `categories` (`title`, `banner_img`, `created_at`, `updated_at`) VALUES ('Sport & Fitness', 'https://img.freepik.com/free-psd/sport-tech-social-media-post-template_23-2148523619.jpg?w=1380&t=st=1666406214~exp=1666406814~hmac=d4dcedec12b55d94f4828c85f98e6d3a7a86022db951fc0532c1009e942d7c04', '2022-10-26 14:07:22.503434', '2022-10-26 14:07:22.503434')[0m
  [1m[36mTRANSACTION (49.2ms)[0m  [1m[35mCOMMIT[0m
  [1m[36mTRANSACTION (0.7ms)[0m  [1m[35mBEGIN[0m
  [1m[36mCategory Load (1.0ms)[0m  [1m[34mSELECT `categories`.* FROM `categories` WHERE `categories`.`id` = 1 LIMIT 1[0m
  [1m[36mEvent Create (0.5ms)[0m  [1m[32mINSERT INTO `events` (`category_id`, `title`, `event_date`, `event_time`, `ticket_format`, `early_booking_end_date`, `early_booking_end_time`, `early_booking_price_regular`, `early_booking_price_vip`, `location`, `regular_price`, `vip_price`, `vip_no_of_tickets`, `regular_no_of_tickets`, `banner_img`, `description`, `image_url1`, `image_url2`, `created_at`, `updated_at`) VALUES (1, 'Afrika Concert', '2022-12-12', '10:00:00', 'MusAfri', '2022-11-19', '00:00:00', 1200, 2000, 'afraha stadium Nakuru', 1500, 2300, 1000, 4000, 'https://img.freepik.com/free-vector/beautiful-music-sound-golden-notes-background_1017-32310.jpg?w=2000', 'Enjoy our african diverse culture.', 'https://c8.alamy.com/comp/2EGH5DT/live-music-concert-sketch-poster-with-musical-instruments-vector-design-of-musical-button-accordion-folk-bandura-and-rebec-viola-african-jembe-drum-2EGH5DT.jpg', 'https://previews.123rf.com/images/vasilyrosca/vasilyrosca1702/vasilyrosca170200423/71501970-neon-live-music-concert-acoustic-party-poster-background-template-with-spotlight-and-stage-.jpg', '2022-10-26 14:07:22.673878', '2022-10-26 14:07:22.673878')[0m
  [1m[36mTRANSACTION (64.4ms)[0m  [1m[35mCOMMIT[0m
  [1m[36mTRANSACTION (0.7ms)[0m  [1m[35mBEGIN[0m
  [1m[36mCategory Load (0.9ms)[0m  [1m[34mSELECT `categories`.* FROM `categories` WHERE `categories`.`id` = 1 LIMIT 1[0m
  [1m[36mEvent Create (0.9ms)[0m  [1m[32mINSERT INTO `events` (`category_id`, `title`, `event_date`, `event_time`, `ticket_format`, `early_booking_end_date`, `early_booking_end_time`, `early_booking_price_regular`, `early_booking_price_vip`, `location`, `regular_price`, `vip_price`, `vip_no_of_tickets`, `regular_no_of_tickets`, `banner_img`, `description`, `image_url1`, `image_url2`, `created_at`, `updated_at`) VALUES (1, 'Afro Concert', '2022-12-01', '20:00:00', 'MusAfro', '2022-11-19', '20:00:00', 3000, 5000, 'Nyali mall Mombasa', 5000, 7500, 1000, 12000, 'https://image.shutterstock.com/shutterstock/photos/365709908/display_1500/stock-photo-amsterdam-the-netherlands-february-concert-of-african-band-from-mali-bko-quintet-at-365709908.jpg', 'An event bringing together top artists across Africa to meet fans', 'https://www.bellanaija.com/wp-content/uploads/2022/07/279673647_1338241670017685_7307805693980761003_n-e1657274874156.jpg', 'https://i.pinimg.com/originals/1c/a1/14/1ca114b0953f2b9bf33736b98f4ea700.jpg', '2022-10-26 14:07:22.754548', '2022-10-26 14:07:22.754548')[0m
  [1m[36mTRANSACTION (102.1ms)[0m  [1m[35mCOMMIT[0m
  [1m[36mTRANSACTION (0.3ms)[0m  [1m[35mBEGIN[0m
  [1m[36mCategory Load (0.4ms)[0m  [1m[34mSELECT `categories`.* FROM `categories` WHERE `categories`.`id` = 2 LIMIT 1[0m
  [1m[36mEvent Create (0.3ms)[0m  [1m[32mINSERT INTO `events` (`category_id`, `title`, `event_date`, `event_time`, `ticket_format`, `early_booking_end_date`, `early_booking_end_time`, `early_booking_price_regular`, `early_booking_price_vip`, `location`, `regular_price`, `vip_price`, `vip_no_of_tickets`, `regular_no_of_tickets`, `banner_img`, `description`, `image_url1`, `image_url2`, `created_at`, `updated_at`) VALUES (2, 'BusyFinance', '2022-10-10', '08:00:00', 'BusFinc', '2022-10-03', '00:00:00', 1200, 1200, 'Gateway mall Syokimau', 1200, 1200, 1000, 1000, 'https://www.varsboffin.com/images/business-finance-banner.jpg', 'Where solutions to your financial problems are sort. how best to manage finance', 'https://www.dmu.ac.uk/webimages/study-images/courses/business-and-law/postgraduate/international-business-and-finance-img-02.jpg', 'https://media.istockphoto.com/photos/technical-financial-graph-on-technology-abstract-background-picture-id639666654?k=20&m=639666654&s=612x612&w=0&h=1xl981xcYy5J4LFQHaWRV50cDp8V1sbERtmfokDqMTw=', '2022-10-26 14:07:22.868152', '2022-10-26 14:07:22.868152')[0m
  [1m[36mTRANSACTION (92.2ms)[0m  [1m[35mCOMMIT[0m
  [1m[36mTRANSACTION (0.6ms)[0m  [1m[35mBEGIN[0m
  [1m[36mCategory Load (1.0ms)[0m  [1m[34mSELECT `categories`.* FROM `categories` WHERE `categories`.`id` = 2 LIMIT 1[0m
  [1m[36mEvent Create (0.9ms)[0m  [1m[32mINSERT INTO `events` (`category_id`, `title`, `event_date`, `event_time`, `ticket_format`, `early_booking_end_date`, `early_booking_end_time`, `early_booking_price_regular`, `early_booking_price_vip`, `location`, `regular_price`, `vip_price`, `vip_no_of_tickets`, `regular_no_of_tickets`, `banner_img`, `description`, `image_url1`, `image_url2`, `created_at`, `updated_at`) VALUES (2, 'GooBad marketing', '2022-10-20', '08:00:00', 'BusGooB', '2022-10-10', '08:00:00', 1000, 1000, 'Junction Mall Nairobi', 1000, 1000, 1000, 1000, 'https://thumbs.dreamstime.com/z/inscription-digital-marketing-website-header-banner-background-inscription-digital-marketing-website-header-banner-199406940.jpg', 'Seeking to educate the public on how to best market their products when seeking customers', 'https://img.freepik.com/free-photo/digital-marketing-with-icons-business-people_53876-94833.jpg?w=2000', 'https://encrypted-tbn0.gstatic.com/images?q=tbn:ANd9GcRE5w0Xbm2AiDITkBWCgbXaoc9QhkkEwKaC2ZGldLJsoQ&s', '2022-10-26 14:07:22.973878', '2022-10-26 14:07:22.973878')[0m
  [1m[36mTRANSACTION (53.3ms)[0m  [1m[35mCOMMIT[0m
  [1m[36mTRANSACTION (0.6ms)[0m  [1m[35mBEGIN[0m
  [1m[36mCategory Load (1.1ms)[0m  [1m[34mSELECT `categories`.* FROM `categories` WHERE `categories`.`id` = 3 LIMIT 1[0m
  [1m[36mEvent Create (1.0ms)[0m  [1m[32mINSERT INTO `events` (`category_id`, `title`, `event_date`, `event_time`, `ticket_format`, `early_booking_end_date`, `early_booking_end_time`, `early_booking_price_regular`, `early_booking_price_vip`, `location`, `regular_price`, `vip_price`, `vip_no_of_tickets`, `regular_no_of_tickets`, `banner_img`, `description`, `image_url1`, `image_url2`, `created_at`, `updated_at`) VALUES (3, 'Call of Duty', '2022-12-12', '08:00:00', 'GamCOD', '2022-12-01', '08:00:00', 1000, 1000, 'Westgate Mall Nairobi', 2000, 2000, 500, 500, 'https://as1.ftcdn.net/v2/jpg/04/13/99/08/1000_F_413990886_hChS8igRgaOC4IlkIFIxiQ2EeW5U8LKf.jpg', 'Gamers meetup to have their best experiences while gaming.Foods and drinks will be served', 'https://thumbs.dreamstime.com/b/still-life-computer-gaming-headset-lying-keyboard-still-life-computer-gaming-headset-lying-keyboard-166580321.jpg', 'https://media.istockphoto.com/photos/gamer-work-space-concept-top-view-a-gaming-gear-mouse-keyboard-in-picture-id1170073824?k=20&m=1170073824&s=612x612&w=0&h=lQYUGw9IIqI9bsTrIrS8xCyId2PmmNYPSwB7UNEzssI=', '2022-10-26 14:07:23.048692', '2022-10-26 14:07:23.048692')[0m
  [1m[36mTRANSACTION (99.4ms)[0m  [1m[35mCOMMIT[0m
  [1m[36mTRANSACTION (0.6ms)[0m  [1m[35mBEGIN[0m
  [1m[36mCategory Load (0.9ms)[0m  [1m[34mSELECT `categories`.* FROM `categories` WHERE `categories`.`id` = 3 LIMIT 1[0m
  [1m[36mEvent Create (0.9ms)[0m  [1m[32mINSERT INTO `events` (`category_id`, `title`, `event_date`, `event_time`, `ticket_format`, `early_booking_end_date`, `early_booking_end_time`, `early_booking_price_regular`, `early_booking_price_vip`, `location`, `regular_price`, `vip_price`, `vip_no_of_tickets`, `regular_no_of_tickets`, `banner_img`, `description`, `image_url1`, `image_url2`, `created_at`, `updated_at`) VALUES (3, 'CheckChess', '2022-12-20', '08:00:00', 'GamChek', '2022-12-10', '08:00:00', 2000, 2000, 'Desert Rose Nairobi', 2000, 2000, 2500, 2500, 'https://thumbs.dreamstime.com/b/chessboard-chess-pieces-gray-background-banner-212681982.jpg', 'Battle for it. Winner gets a 300,000 reward.Come with own Food and drink', 'https://media.istockphoto.com/photos/businessman-suit-with-chess-board-game-plan-stratgy-and-tactic-picture-id1256422923?b=1&k=20&m=1256422923&s=170667a&w=0&h=t039Cn8gv2CC2IpPkhbFxgTopvc6Le6t6hbWsCRDsyc=', 'https://thumbs.dreamstime.com/b/closeup-king-chess-piece-defeated-enemy-trade-competitor-checkmate-end-chessboard-game-businessman-moving-to-success-158990889.jpg', '2022-10-26 14:07:23.166458', '2022-10-26 14:07:23.166458')[0m
  [1m[36mTRANSACTION (52.9ms)[0m  [1m[35mCOMMIT[0m
  [1m[36mTRANSACTION (0.3ms)[0m  [1m[35mBEGIN[0m
  [1m[36mUser Load (0.4ms)[0m  [1m[34mSELECT `users`.* FROM `users` WHERE `users`.`id` = 1 LIMIT 1[0m
  [1m[36mEvent Load (0.3ms)[0m  [1m[34mSELECT `events`.* FROM `events` WHERE `events`.`id` = 1 LIMIT 1[0m
  [1m[36mTicket Create (0.3ms)[0m  [1m[32mINSERT INTO `tickets` (`ticket_no`, `user_id`, `event_id`, `is_vip`, `number_of_vip_tickets`, `is_regular`, `number_of_regular_tickets`, `created_at`, `updated_at`) VALUES ('MusAfri1', 1, 1, TRUE, 1, TRUE, 1, '2022-10-26 14:07:23.275205', '2022-10-26 14:07:23.275205')[0m
  [1m[36mTRANSACTION (53.8ms)[0m  [1m[35mCOMMIT[0m
  [1m[36mTRANSACTION (0.2ms)[0m  [1m[35mBEGIN[0m
  [1m[36mUser Load (0.3ms)[0m  [1m[34mSELECT `users`.* FROM `users` WHERE `users`.`id` = 1 LIMIT 1[0m
  [1m[36mEvent Load (0.3ms)[0m  [1m[34mSELECT `events`.* FROM `events` WHERE `events`.`id` = 2 LIMIT 1[0m
  [1m[36mTicket Create (0.3ms)[0m  [1m[32mINSERT INTO `tickets` (`ticket_no`, `user_id`, `event_id`, `is_vip`, `number_of_vip_tickets`, `is_regular`, `number_of_regular_tickets`, `created_at`, `updated_at`) VALUES ('MusAfro1', 1, 2, TRUE, 2, FALSE, 0, '2022-10-26 14:07:23.335895', '2022-10-26 14:07:23.335895')[0m
  [1m[36mTRANSACTION (53.9ms)[0m  [1m[35mCOMMIT[0m
  [1m[36mTRANSACTION (0.7ms)[0m  [1m[35mBEGIN[0m
  [1m[36mUser Load (0.9ms)[0m  [1m[34mSELECT `users`.* FROM `users` WHERE `users`.`id` = 1 LIMIT 1[0m
  [1m[36mEvent Load (1.0ms)[0m  [1m[34mSELECT `events`.* FROM `events` WHERE `events`.`id` = 3 LIMIT 1[0m
  [1m[36mTicket Create (0.8ms)[0m  [1m[32mINSERT INTO `tickets` (`ticket_no`, `user_id`, `event_id`, `is_vip`, `number_of_vip_tickets`, `is_regular`, `number_of_regular_tickets`, `created_at`, `updated_at`) VALUES ('BusFinc1', 1, 3, FALSE, 0, TRUE, 2, '2022-10-26 14:07:23.406841', '2022-10-26 14:07:23.406841')[0m
  [1m[36mTRANSACTION (51.3ms)[0m  [1m[35mCOMMIT[0m
  [1m[36mTRANSACTION (0.6ms)[0m  [1m[35mBEGIN[0m
  [1m[36mUser Load (1.0ms)[0m  [1m[34mSELECT `users`.* FROM `users` WHERE `users`.`id` = 3 LIMIT 1[0m
  [1m[36mEvent Load (1.0ms)[0m  [1m[34mSELECT `events`.* FROM `events` WHERE `events`.`id` = 1 LIMIT 1[0m
  [1m[36mTicket Create (0.8ms)[0m  [1m[32mINSERT INTO `tickets` (`ticket_no`, `user_id`, `event_id`, `is_vip`, `number_of_vip_tickets`, `is_regular`, `number_of_regular_tickets`, `created_at`, `updated_at`) VALUES ('MusAfri2', 3, 1, FALSE, 0, TRUE, 2, '2022-10-26 14:07:23.478529', '2022-10-26 14:07:23.478529')[0m
  [1m[36mTRANSACTION (51.0ms)[0m  [1m[35mCOMMIT[0m
  [1m[36mTRANSACTION (0.6ms)[0m  [1m[35mBEGIN[0m
  [1m[36mUser Load (1.0ms)[0m  [1m[34mSELECT `users`.* FROM `users` WHERE `users`.`id` = 3 LIMIT 1[0m
  [1m[36mEvent Load (0.9ms)[0m  [1m[34mSELECT `events`.* FROM `events` WHERE `events`.`id` = 3 LIMIT 1[0m
  [1m[36mTicket Create (0.9ms)[0m  [1m[32mINSERT INTO `tickets` (`ticket_no`, `user_id`, `event_id`, `is_vip`, `number_of_vip_tickets`, `is_regular`, `number_of_regular_tickets`, `created_at`, `updated_at`) VALUES ('BusFinc2', 3, 3, TRUE, 3, FALSE, 0, '2022-10-26 14:07:23.549994', '2022-10-26 14:07:23.549994')[0m
  [1m[36mTRANSACTION (73.1ms)[0m  [1m[35mCOMMIT[0m
  [1m[36mTRANSACTION (0.6ms)[0m  [1m[35mBEGIN[0m
  [1m[36mUser Load (1.0ms)[0m  [1m[34mSELECT `users`.* FROM `users` WHERE `users`.`id` = 3 LIMIT 1[0m
  [1m[36mEvent Load (0.9ms)[0m  [1m[34mSELECT `events`.* FROM `events` WHERE `events`.`id` = 5 LIMIT 1[0m
  [1m[36mTicket Create (0.8ms)[0m  [1m[32mINSERT INTO `tickets` (`ticket_no`, `user_id`, `event_id`, `is_vip`, `number_of_vip_tickets`, `is_regular`, `number_of_regular_tickets`, `created_at`, `updated_at`) VALUES ('GamCOD1', 3, 5, TRUE, 4, FALSE, 0, '2022-10-26 14:07:23.643574', '2022-10-26 14:07:23.643574')[0m
  [1m[36mTRANSACTION (51.1ms)[0m  [1m[35mCOMMIT[0m
  [1m[36mTRANSACTION (0.7ms)[0m  [1m[35mBEGIN[0m
  [1m[36mUser Load (1.1ms)[0m  [1m[34mSELECT `users`.* FROM `users` WHERE `users`.`id` = 4 LIMIT 1[0m
  [1m[36mEvent Load (1.0ms)[0m  [1m[34mSELECT `events`.* FROM `events` WHERE `events`.`id` = 2 LIMIT 1[0m
  [1m[36mTicket Create (0.8ms)[0m  [1m[32mINSERT INTO `tickets` (`ticket_no`, `user_id`, `event_id`, `is_vip`, `number_of_vip_tickets`, `is_regular`, `number_of_regular_tickets`, `created_at`, `updated_at`) VALUES ('MusAfro2', 4, 2, TRUE, 2, FALSE, 0, '2022-10-26 14:07:23.716133', '2022-10-26 14:07:23.716133')[0m
  [1m[36mTRANSACTION (50.2ms)[0m  [1m[35mCOMMIT[0m
  [1m[36mTRANSACTION (0.6ms)[0m  [1m[35mBEGIN[0m
  [1m[36mUser Load (0.9ms)[0m  [1m[34mSELECT `users`.* FROM `users` WHERE `users`.`id` = 4 LIMIT 1[0m
  [1m[36mEvent Load (1.0ms)[0m  [1m[34mSELECT `events`.* FROM `events` WHERE `events`.`id` = 4 LIMIT 1[0m
  [1m[36mTicket Create (0.8ms)[0m  [1m[32mINSERT INTO `tickets` (`ticket_no`, `user_id`, `event_id`, `is_vip`, `number_of_vip_tickets`, `is_regular`, `number_of_regular_tickets`, `created_at`, `updated_at`) VALUES ('BusGooB1', 4, 4, FALSE, 0, TRUE, 4, '2022-10-26 14:07:23.786718', '2022-10-26 14:07:23.786718')[0m
  [1m[36mTRANSACTION (50.9ms)[0m  [1m[35mCOMMIT[0m
  [1m[36mTRANSACTION (0.6ms)[0m  [1m[35mBEGIN[0m
  [1m[36mUser Load (1.0ms)[0m  [1m[34mSELECT `users`.* FROM `users` WHERE `users`.`id` = 4 LIMIT 1[0m
  [1m[36mEvent Load (0.9ms)[0m  [1m[34mSELECT `events`.* FROM `events` WHERE `events`.`id` = 6 LIMIT 1[0m
  [1m[36mTicket Create (15.5ms)[0m  [1m[32mINSERT INTO `tickets` (`ticket_no`, `user_id`, `event_id`, `is_vip`, `number_of_vip_tickets`, `is_regular`, `number_of_regular_tickets`, `created_at`, `updated_at`) VALUES ('GamChekC1', 4, 6, TRUE, 6, FALSE, 0, '2022-10-26 14:07:23.858279', '2022-10-26 14:07:23.858279')[0m
  [1m[36mTRANSACTION (69.5ms)[0m  [1m[35mCOMMIT[0m
  [1m[36mTRANSACTION (0.7ms)[0m  [1m[35mBEGIN[0m
  [1m[36mUser Load (1.0ms)[0m  [1m[34mSELECT `users`.* FROM `users` WHERE `users`.`id` = 2 LIMIT 1[0m
  [1m[36mEvent Load (0.9ms)[0m  [1m[34mSELECT `events`.* FROM `events` WHERE `events`.`id` = 1 LIMIT 1[0m
  [1m[36mTicket Create (1.2ms)[0m  [1m[32mINSERT INTO `tickets` (`ticket_no`, `user_id`, `event_id`, `is_vip`, `number_of_vip_tickets`, `is_regular`, `number_of_regular_tickets`, `created_at`, `updated_at`) VALUES ('OgMusAfri', 2, 1, FALSE, 0, FALSE, 0, '2022-10-26 14:07:23.964168', '2022-10-26 14:07:23.964168')[0m
  [1m[36mTRANSACTION (49.4ms)[0m  [1m[35mCOMMIT[0m
  [1m[36mTRANSACTION (0.5ms)[0m  [1m[35mBEGIN[0m
  [1m[36mUser Load (0.4ms)[0m  [1m[34mSELECT `users`.* FROM `users` WHERE `users`.`id` = 2 LIMIT 1[0m
  [1m[36mEvent Load (0.3ms)[0m  [1m[34mSELECT `events`.* FROM `events` WHERE `events`.`id` = 2 LIMIT 1[0m
  [1m[36mTicket Create (0.4ms)[0m  [1m[32mINSERT INTO `tickets` (`ticket_no`, `user_id`, `event_id`, `is_vip`, `number_of_vip_tickets`, `is_regular`, `number_of_regular_tickets`, `created_at`, `updated_at`) VALUES ('OgMusAfr', 2, 2, FALSE, 0, FALSE, 0, '2022-10-26 14:07:24.027994', '2022-10-26 14:07:24.027994')[0m
  [1m[36mTRANSACTION (49.4ms)[0m  [1m[35mCOMMIT[0m
  [1m[36mTRANSACTION (0.6ms)[0m  [1m[35mBEGIN[0m
  [1m[36mUser Load (1.0ms)[0m  [1m[34mSELECT `users`.* FROM `users` WHERE `users`.`id` = 2 LIMIT 1[0m
  [1m[36mEvent Load (0.9ms)[0m  [1m[34mSELECT `events`.* FROM `events` WHERE `events`.`id` = 3 LIMIT 1[0m
  [1m[36mTicket Create (0.8ms)[0m  [1m[32mINSERT INTO `tickets` (`ticket_no`, `user_id`, `event_id`, `is_vip`, `number_of_vip_tickets`, `is_regular`, `number_of_regular_tickets`, `created_at`, `updated_at`) VALUES ('OgBusFinc', 2, 3, FALSE, 0, FALSE, 0, '2022-10-26 14:07:24.095663', '2022-10-26 14:07:24.095663')[0m
  [1m[36mTRANSACTION (50.2ms)[0m  [1m[35mCOMMIT[0m
  [1m[36mTRANSACTION (0.7ms)[0m  [1m[35mBEGIN[0m
  [1m[36mUser Load (1.0ms)[0m  [1m[34mSELECT `users`.* FROM `users` WHERE `users`.`id` = 2 LIMIT 1[0m
  [1m[36mEvent Load (1.1ms)[0m  [1m[34mSELECT `events`.* FROM `events` WHERE `events`.`id` = 4 LIMIT 1[0m
  [1m[36mTicket Create (0.8ms)[0m  [1m[32mINSERT INTO `tickets` (`ticket_no`, `user_id`, `event_id`, `is_vip`, `number_of_vip_tickets`, `is_regular`, `number_of_regular_tickets`, `created_at`, `updated_at`) VALUES ('OgBusGooB', 2, 4, FALSE, 0, FALSE, 0, '2022-10-26 14:07:24.167037', '2022-10-26 14:07:24.167037')[0m
  [1m[36mTRANSACTION (50.3ms)[0m  [1m[35mCOMMIT[0m
  [1m[36mTRANSACTION (0.6ms)[0m  [1m[35mBEGIN[0m
  [1m[36mUser Load (1.0ms)[0m  [1m[34mSELECT `users`.* FROM `users` WHERE `users`.`id` = 2 LIMIT 1[0m
  [1m[36mEvent Load (1.0ms)[0m  [1m[34mSELECT `events`.* FROM `events` WHERE `events`.`id` = 5 LIMIT 1[0m
  [1m[36mTicket Create (0.8ms)[0m  [1m[32mINSERT INTO `tickets` (`ticket_no`, `user_id`, `event_id`, `is_vip`, `number_of_vip_tickets`, `is_regular`, `number_of_regular_tickets`, `created_at`, `updated_at`) VALUES ('OgGamC0D', 2, 5, FALSE, 0, FALSE, 0, '2022-10-26 14:07:24.238409', '2022-10-26 14:07:24.238409')[0m
  [1m[36mTRANSACTION (50.4ms)[0m  [1m[35mCOMMIT[0m
  [1m[36mTRANSACTION (0.6ms)[0m  [1m[35mBEGIN[0m
  [1m[36mUser Load (1.0ms)[0m  [1m[34mSELECT `users`.* FROM `users` WHERE `users`.`id` = 2 LIMIT 1[0m
  [1m[36mEvent Load (0.9ms)[0m  [1m[34mSELECT `events`.* FROM `events` WHERE `events`.`id` = 6 LIMIT 1[0m
  [1m[36mTicket Create (0.8ms)[0m  [1m[32mINSERT INTO `tickets` (`ticket_no`, `user_id`, `event_id`, `is_vip`, `number_of_vip_tickets`, `is_regular`, `number_of_regular_tickets`, `created_at`, `updated_at`) VALUES ('OgGamChekC', 2, 6, FALSE, 0, FALSE, 0, '2022-10-26 14:07:24.309847', '2022-10-26 14:07:24.309847')[0m
  [1m[36mTRANSACTION (50.4ms)[0m  [1m[35mCOMMIT[0m
  [1m[36mTRANSACTION (0.3ms)[0m  [1m[35mBEGIN[0m
  [1m[36mCommunity Create (0.3ms)[0m  [1m[32mINSERT INTO `communities` (`community_description`, `community_img`, `created_at`, `updated_at`) VALUES ('[\"Qui eveniet officiis. Explicabo quia eos. Praesentium aliquid iste.\", \"Voluptates similique eos. Saepe et consequatur. Explicabo molestiae dolor.\", \"Numquam illum recusandae. Numquam natus ex. Architecto ut occaecati.\", \"Qui eveniet officiis. Explicabo quia eos. Praesentium aliquid iste.\", \"Voluptates similique eos. Saepe et consequatur. Explicabo molestiae dolor.\", \"Numquam illum recusandae. Numquam natus ex. Architecto ut occaecati.\", \"Qui eveniet officiis. Explicabo quia eos. Praesentium aliquid iste.\", \"Voluptates similique eos. Saepe et consequatur. Explicabo molestiae dolor.\", \"Numquam illum recusandae. Numquam natus ex. Architecto ut occaecati.\", \"Qui eveniet officiis. Explicabo quia eos. Praesentium aliquid iste.\", \"Voluptates similique eos. Saepe et consequatur. Explicabo molestiae dolor.\", \"Numquam illum recusandae. Numquam natus ex. Architecto ut occaecati.\"]', 'https://p4.wallpaperbetter.com/wallpaper/619/167/677/community-feet-friends-friendship-wallpaper-preview.jpg', '2022-10-26 14:07:26.563747', '2022-10-26 14:07:26.563747')[0m
  [1m[36mTRANSACTION (67.6ms)[0m  [1m[35mCOMMIT[0m
  [1m[36mTRANSACTION (0.6ms)[0m  [1m[35mBEGIN[0m
  [1m[36mCommunity Create (0.9ms)[0m  [1m[32mINSERT INTO `communities` (`community_description`, `community_img`, `created_at`, `updated_at`) VALUES ('[\"Sint fuga voluptatum. Et vitae quidem. Sequi rerum voluptatibus.\", \"Et praesentium esse. Sed tempora cumque. Repudiandae ut eaque.\", \"Laudantium sunt odio. Voluptas maiores distinctio. Autem distinctio aut.\", \"Sint fuga voluptatum. Et vitae quidem. Sequi rerum voluptatibus.\", \"Et praesentium esse. Sed tempora cumque. Repudiandae ut eaque.\", \"Laudantium sunt odio. Voluptas maiores distinctio. Autem distinctio aut.\", \"Sint fuga voluptatum. Et vitae quidem. Sequi rerum voluptatibus.\", \"Et praesentium esse. Sed tempora cumque. Repudiandae ut eaque.\", \"Laudantium sunt odio. Voluptas maiores distinctio. Autem distinctio aut.\", \"Sint fuga voluptatum. Et vitae quidem. Sequi rerum voluptatibus.\", \"Et praesentium esse. Sed tempora cumque. Repudiandae ut eaque.\", \"Laudantium sunt odio. Voluptas maiores distinctio. Autem distinctio aut.\"]', 'https://p4.wallpaperbetter.com/wallpaper/425/996/41/technics-computer-technology-internet-wallpaper-preview.jpg', '2022-10-26 14:07:26.640883', '2022-10-26 14:07:26.640883')[0m
  [1m[36mTRANSACTION (122.3ms)[0m  [1m[35mCOMMIT[0m
  [1m[36mTRANSACTION (0.2ms)[0m  [1m[35mBEGIN[0m
  [1m[36mCommunity Create (119.3ms)[0m  [1m[32mINSERT INTO `communities` (`community_description`, `community_img`, `created_at`, `updated_at`) VALUES ('[\"Ex cupiditate iusto. Nostrum soluta exercitationem. Quam et tempora.\", \"A omnis est. Sapiente esse eveniet. Inventore saepe qui.\", \"Dolore quis minus. Quae dolore cum. Ab aliquam ratione.\", \"Ex cupiditate iusto. Nostrum soluta exercitationem. Quam et tempora.\", \"A omnis est. Sapiente esse eveniet. Inventore saepe qui.\", \"Dolore quis minus. Quae dolore cum. Ab aliquam ratione.\", \"Ex cupiditate iusto. Nostrum soluta exercitationem. Quam et tempora.\", \"A omnis est. Sapiente esse eveniet. Inventore saepe qui.\", \"Dolore quis minus. Quae dolore cum. Ab aliquam ratione.\", \"Ex cupiditate iusto. Nostrum soluta exercitationem. Quam et tempora.\", \"A omnis est. Sapiente esse eveniet. Inventore saepe qui.\", \"Dolore quis minus. Quae dolore cum. Ab aliquam ratione.\"]', 'https://p4.wallpaperbetter.com/wallpaper/364/47/630/technology-communication-antenna-parabolic-wallpaper-preview.jpg', '2022-10-26 14:07:26.773359', '2022-10-26 14:07:26.773359')[0m
  [1m[36mTRANSACTION (73.3ms)[0m  [1m[35mCOMMIT[0m
  [1m[36mTRANSACTION (0.3ms)[0m  [1m[35mBEGIN[0m
  [1m[36mCommunity Create (18.5ms)[0m  [1m[32mINSERT INTO `communities` (`community_description`, `community_img`, `created_at`, `updated_at`) VALUES ('[\"Incidunt adipisci distinctio. Laudantium sequi repudiandae. Voluptatem nihil ea.\", \"Sint aut perspiciatis. Sint sunt ad. Sequi veritatis veniam.\", \"Inventore porro dicta. Odit est maxime. Necessitatibus delectus placeat.\", \"Incidunt adipisci distinctio. Laudantium sequi repudiandae. Voluptatem nihil ea.\", \"Sint aut perspiciatis. Sint sunt ad. Sequi veritatis veniam.\", \"Inventore porro dicta. Odit est maxime. Necessitatibus delectus placeat.\", \"Incidunt adipisci distinctio. Laudantium sequi repudiandae. Voluptatem nihil ea.\", \"Sint aut perspiciatis. Sint sunt ad. Sequi veritatis veniam.\", \"Inventore porro dicta. Odit est maxime. Necessitatibus delectus placeat.\", \"Incidunt adipisci distinctio. Laudantium sequi repudiandae. Voluptatem nihil ea.\", \"Sint aut perspiciatis. Sint sunt ad. Sequi veritatis veniam.\", \"Inventore porro dicta. Odit est maxime. Necessitatibus delectus placeat.\"]', 'https://p4.wallpaperbetter.com/wallpaper/425/996/41/technics-computer-technology-internet-wallpaper-preview.jpg', '2022-10-26 14:07:26.971082', '2022-10-26 14:07:26.971082')[0m
  [1m[36mTRANSACTION (68.4ms)[0m  [1m[35mCOMMIT[0m
  [1m[36mTRANSACTION (0.6ms)[0m  [1m[35mBEGIN[0m
  [1m[36mCommunity Create (17.8ms)[0m  [1m[32mINSERT INTO `communities` (`community_description`, `community_img`, `created_at`, `updated_at`) VALUES ('[\"Natus velit et. Quaerat delectus ratione. Expedita rem numquam.\", \"Qui aspernatur quam. Sint corrupti excepturi. Occaecati quo quos.\", \"Reprehenderit vel sapiente. Enim quia repellendus. Nam velit aut.\", \"Natus velit et. Quaerat delectus ratione. Expedita rem numquam.\", \"Qui aspernatur quam. Sint corrupti excepturi. Occaecati quo quos.\", \"Reprehenderit vel sapiente. Enim quia repellendus. Nam velit aut.\", \"Natus velit et. Quaerat delectus ratione. Expedita rem numquam.\", \"Qui aspernatur quam. Sint corrupti excepturi. Occaecati quo quos.\", \"Reprehenderit vel sapiente. Enim quia repellendus. Nam velit aut.\", \"Natus velit et. Quaerat delectus ratione. Expedita rem numquam.\", \"Qui aspernatur quam. Sint corrupti excepturi. Occaecati quo quos.\", \"Reprehenderit vel sapiente. Enim quia repellendus. Nam velit aut.\"]', 'https://p4.wallpaperbetter.com/wallpaper/425/996/41/technics-computer-technology-internet-wallpaper-preview.jpg', '2022-10-26 14:07:27.069636', '2022-10-26 14:07:27.069636')[0m
  [1m[36mTRANSACTION (61.6ms)[0m  [1m[35mCOMMIT[0m
  [1m[36mTRANSACTION (0.5ms)[0m  [1m[35mBEGIN[0m
  [1m[36mCommunity Create (1.6ms)[0m  [1m[32mINSERT INTO `communities` (`community_description`, `community_img`, `created_at`, `updated_at`) VALUES ('[\"Quod fugiat inventore. Id sapiente velit. Blanditiis similique eius.\", \"Qui quo a. Autem labore voluptatem. Qui et temporibus.\", \"Sunt quibusdam error. Et fuga nihil. Et inventore qui.\", \"Quod fugiat inventore. Id sapiente velit. Blanditiis similique eius.\", \"Qui quo a. Autem labore voluptatem. Qui et temporibus.\", \"Sunt quibusdam error. Et fuga nihil. Et inventore qui.\", \"Quod fugiat inventore. Id sapiente velit. Blanditiis similique eius.\", \"Qui quo a. Autem labore voluptatem. Qui et temporibus.\", \"Sunt quibusdam error. Et fuga nihil. Et inventore qui.\", \"Quod fugiat inventore. Id sapiente velit. Blanditiis similique eius.\", \"Qui quo a. Autem labore voluptatem. Qui et temporibus.\", \"Sunt quibusdam error. Et fuga nihil. Et inventore qui.\"]', 'https://p4.wallpaperbetter.com/wallpaper/364/47/630/technology-communication-antenna-parabolic-wallpaper-preview.jpg', '2022-10-26 14:07:27.163620', '2022-10-26 14:07:27.163620')[0m
  [1m[36mTRANSACTION (55.6ms)[0m  [1m[35mCOMMIT[0m
  [1m[36mTRANSACTION (0.6ms)[0m  [1m[35mBEGIN[0m
  [1m[36mCommunity Create (1.3ms)[0m  [1m[32mINSERT INTO `communities` (`community_description`, `community_img`, `created_at`, `updated_at`) VALUES ('[\"Commodi ea officiis. Rerum quia ratione. Eaque natus blanditiis.\", \"Ab ipsum blanditiis. Possimus sunt commodi. Dolor dolores nihil.\", \"Optio inventore qui. Perspiciatis ut omnis. Officia doloribus aut.\", \"Commodi ea officiis. Rerum quia ratione. Eaque natus blanditiis.\", \"Ab ipsum blanditiis. Possimus sunt commodi. Dolor dolores nihil.\", \"Optio inventore qui. Perspiciatis ut omnis. Officia doloribus aut.\", \"Commodi ea officiis. Rerum quia ratione. Eaque natus blanditiis.\", \"Ab ipsum blanditiis. Possimus sunt commodi. Dolor dolores nihil.\", \"Optio inventore qui. Perspiciatis ut omnis. Officia doloribus aut.\", \"Commodi ea officiis. Rerum quia ratione. Eaque natus blanditiis.\", \"Ab ipsum blanditiis. Possimus sunt commodi. Dolor dolores nihil.\", \"Optio inventore qui. Perspiciatis ut omnis. Officia doloribus aut.\"]', 'https://p4.wallpaperbetter.com/wallpaper/334/381/263/internet-world-communication-technology-wallpaper-preview.jpg', '2022-10-26 14:07:27.234438', '2022-10-26 14:07:27.234438')[0m
  [1m[36mTRANSACTION (56.9ms)[0m  [1m[35mCOMMIT[0m
  [1m[36mTRANSACTION (0.6ms)[0m  [1m[35mBEGIN[0m
  [1m[36mCommunity Create (1.3ms)[0m  [1m[32mINSERT INTO `communities` (`community_description`, `community_img`, `created_at`, `updated_at`) VALUES ('[\"Quis corporis atque. Distinctio sunt consequatur. Dolores commodi nisi.\", \"Sed ut velit. Earum perferendis non. Sed molestiae esse.\", \"Ipsam libero vel. Reiciendis illum consequuntur. Cupiditate incidunt impedit.\", \"Quis corporis atque. Distinctio sunt consequatur. Dolores commodi nisi.\", \"Sed ut velit. Earum perferendis non. Sed molestiae esse.\", \"Ipsam libero vel. Reiciendis illum consequuntur. Cupiditate incidunt impedit.\", \"Quis corporis atque. Distinctio sunt consequatur. Dolores commodi nisi.\", \"Sed ut velit. Earum perferendis non. Sed molestiae esse.\", \"Ipsam libero vel. Reiciendis illum consequuntur. Cupiditate incidunt impedit.\", \"Quis corporis atque. Distinctio sunt consequatur. Dolores commodi nisi.\", \"Sed ut velit. Earum perferendis non. Sed molestiae esse.\", \"Ipsam libero vel. Reiciendis illum consequuntur. Cupiditate incidunt impedit.\"]', 'https://p4.wallpaperbetter.com/wallpaper/425/996/41/technics-computer-technology-internet-wallpaper-preview.jpg', '2022-10-26 14:07:27.306727', '2022-10-26 14:07:27.306727')[0m
  [1m[36mTRANSACTION (55.7ms)[0m  [1m[35mCOMMIT[0m
  [1m[36mTRANSACTION (0.5ms)[0m  [1m[35mBEGIN[0m
  [1m[36mCommunity Create (1.2ms)[0m  [1m[32mINSERT INTO `communities` (`community_description`, `community_img`, `created_at`, `updated_at`) VALUES ('[\"Eligendi eveniet quo. Asperiores aperiam perspiciatis. Architecto pariatur maxime.\", \"Non dolorum veritatis. Omnis expedita dolor. Magnam dolores officiis.\", \"Ipsam suscipit repudiandae. Ducimus et veritatis. Dolor est dolores.\", \"Eligendi eveniet quo. Asperiores aperiam perspiciatis. Architecto pariatur maxime.\", \"Non dolorum veritatis. Omnis expedita dolor. Magnam dolores officiis.\", \"Ipsam suscipit repudiandae. Ducimus et veritatis. Dolor est dolores.\", \"Eligendi eveniet quo. Asperiores aperiam perspiciatis. Architecto pariatur maxime.\", \"Non dolorum veritatis. Omnis expedita dolor. Magnam dolores officiis.\", \"Ipsam suscipit repudiandae. Ducimus et veritatis. Dolor est dolores.\", \"Eligendi eveniet quo. Asperiores aperiam perspiciatis. Architecto pariatur maxime.\", \"Non dolorum veritatis. Omnis expedita dolor. Magnam dolores officiis.\", \"Ipsam suscipit repudiandae. Ducimus et veritatis. Dolor est dolores.\"]', 'https://p4.wallpaperbetter.com/wallpaper/334/381/263/internet-world-communication-technology-wallpaper-preview.jpg', '2022-10-26 14:07:27.377418', '2022-10-26 14:07:27.377418')[0m
  [1m[36mTRANSACTION (56.8ms)[0m  [1m[35mCOMMIT[0m
  [1m[36mTRANSACTION (0.5ms)[0m  [1m[35mBEGIN[0m
  [1m[36mCommunity Create (1.2ms)[0m  [1m[32mINSERT INTO `communities` (`community_description`, `community_img`, `created_at`, `updated_at`) VALUES ('[\"Eveniet velit voluptatibus. Sint officiis animi. Dicta praesentium sapiente.\", \"Molestias earum optio. Ad ut ducimus. Dolorum quod quam.\", \"Dolores minima est. Labore quia voluptatem. Voluptatem accusamus dicta.\", \"Eveniet velit voluptatibus. Sint officiis animi. Dicta praesentium sapiente.\", \"Molestias earum optio. Ad ut ducimus. Dolorum quod quam.\", \"Dolores minima est. Labore quia voluptatem. Voluptatem accusamus dicta.\", \"Eveniet velit voluptatibus. Sint officiis animi. Dicta praesentium sapiente.\", \"Molestias earum optio. Ad ut ducimus. Dolorum quod quam.\", \"Dolores minima est. Labore quia voluptatem. Voluptatem accusamus dicta.\", \"Eveniet velit voluptatibus. Sint officiis animi. Dicta praesentium sapiente.\", \"Molestias earum optio. Ad ut ducimus. Dolorum quod quam.\", \"Dolores minima est. Labore quia voluptatem. Voluptatem accusamus dicta.\"]', 'https://p4.wallpaperbetter.com/wallpaper/189/249/254/clouds-mountains-the-city-lake-reflection-hd-wallpaper-preview.jpg', '2022-10-26 14:07:27.449309', '2022-10-26 14:07:27.449309')[0m
  [1m[36mTRANSACTION (56.3ms)[0m  [1m[35mCOMMIT[0m
  [1m[36mTRANSACTION (0.4ms)[0m  [1m[35mBEGIN[0m
  [1m[36mAbout Create (0.8ms)[0m  [1m[32mINSERT INTO `abouts` (`about_img`, `about_description`, `created_at`, `updated_at`) VALUES ('https://p4.wallpaperbetter.com/wallpaper/293/144/62/weapons-mask-gas-mask-machines-wallpaper-preview.jpg', '[\"Quisquam ut tempora. Voluptatibus illum alias. Voluptas sed blanditiis.\", \"Illum natus consectetur. Quia omnis nesciunt. Deserunt nesciunt aut.\", \"Nisi quia dolores. Atque velit quasi. Aliquam sint atque.\", \"Quisquam ut tempora. Voluptatibus illum alias. Voluptas sed blanditiis.\", \"Illum natus consectetur. Quia omnis nesciunt. Deserunt nesciunt aut.\", \"Nisi quia dolores. Atque velit quasi. Aliquam sint atque.\", \"Quisquam ut tempora. Voluptatibus illum alias. Voluptas sed blanditiis.\", \"Illum natus consectetur. Quia omnis nesciunt. Deserunt nesciunt aut.\", \"Nisi quia dolores. Atque velit quasi. Aliquam sint atque.\", \"Quisquam ut tempora. Voluptatibus illum alias. Voluptas sed blanditiis.\", \"Illum natus consectetur. Quia omnis nesciunt. Deserunt nesciunt aut.\", \"Nisi quia dolores. Atque velit quasi. Aliquam sint atque.\"]', '2022-10-26 14:07:27.553860', '2022-10-26 14:07:27.553860')[0m
  [1m[36mTRANSACTION (59.9ms)[0m  [1m[35mCOMMIT[0m
  [1m[36mTRANSACTION (0.6ms)[0m  [1m[35mBEGIN[0m
  [1m[36mAbout Create (1.2ms)[0m  [1m[32mINSERT INTO `abouts` (`about_img`, `about_description`, `created_at`, `updated_at`) VALUES ('https://p4.wallpaperbetter.com/wallpaper/499/426/474/anime-crossover-ainz-ooal-gown-albedo-overlord-wallpaper-preview.jpg', '[\"Itaque quia ratione. Qui optio quidem. Alias eius cum.\", \"Eum neque similique. Unde quia nostrum. Sit cum ut.\", \"Quo est repudiandae. Est aliquid necessitatibus. Voluptatum omnis blanditiis.\", \"Itaque quia ratione. Qui optio quidem. Alias eius cum.\", \"Eum neque similique. Unde quia nostrum. Sit cum ut.\", \"Quo est repudiandae. Est aliquid necessitatibus. Voluptatum omnis blanditiis.\", \"Itaque quia ratione. Qui optio quidem. Alias eius cum.\", \"Eum neque similique. Unde quia nostrum. Sit cum ut.\", \"Quo est repudiandae. Est aliquid necessitatibus. Voluptatum omnis blanditiis.\", \"Itaque quia ratione. Qui optio quidem. Alias eius cum.\", \"Eum neque similique. Unde quia nostrum. Sit cum ut.\", \"Quo est repudiandae. Est aliquid necessitatibus. Voluptatum omnis blanditiis.\"]', '2022-10-26 14:07:27.625268', '2022-10-26 14:07:27.625268')[0m
  [1m[36mTRANSACTION (94.7ms)[0m  [1m[35mCOMMIT[0m
  [1m[36mTRANSACTION (0.3ms)[0m  [1m[35mBEGIN[0m
  [1m[36mAbout Create (20.4ms)[0m  [1m[32mINSERT INTO `abouts` (`about_img`, `about_description`, `created_at`, `updated_at`) VALUES ('https://p4.wallpaperbetter.com/wallpaper/340/322/396/advice-advise-advisor-business-wallpaper-preview.jpg', '[\"At sunt aut. Blanditiis aperiam deleniti. Aut cum aut.\", \"Impedit et facere. Ipsum illum aut. Voluptates at aliquid.\", \"Et nihil quisquam. Eligendi omnis aut. Omnis maxime fugiat.\", \"At sunt aut. Blanditiis aperiam deleniti. Aut cum aut.\", \"Impedit et facere. Ipsum illum aut. Voluptates at aliquid.\", \"Et nihil quisquam. Eligendi omnis aut. Omnis maxime fugiat.\", \"At sunt aut. Blanditiis aperiam deleniti. Aut cum aut.\", \"Impedit et facere. Ipsum illum aut. Voluptates at aliquid.\", \"Et nihil quisquam. Eligendi omnis aut. Omnis maxime fugiat.\", \"At sunt aut. Blanditiis aperiam deleniti. Aut cum aut.\", \"Impedit et facere. Ipsum illum aut. Voluptates at aliquid.\", \"Et nihil quisquam. Eligendi omnis aut. Omnis maxime fugiat.\"]', '2022-10-26 14:07:27.730211', '2022-10-26 14:07:27.730211')[0m
  [1m[36mTRANSACTION (73.4ms)[0m  [1m[35mCOMMIT[0m
  [1m[36mTRANSACTION (0.4ms)[0m  [1m[35mBEGIN[0m
  [1m[36mAbout Create (0.9ms)[0m  [1m[32mINSERT INTO `abouts` (`about_img`, `about_description`, `created_at`, `updated_at`) VALUES ('https://p4.wallpaperbetter.com/wallpaper/499/426/474/anime-crossover-ainz-ooal-gown-albedo-overlord-wallpaper-preview.jpg', '[\"Sed animi iste. Iure aut maiores. Eos est totam.\", \"Vel natus inventore. Labore qui harum. Nesciunt sit placeat.\", \"Animi aut atque. Qui eos corrupti. Itaque ut ea.\", \"Sed animi iste. Iure aut maiores. Eos est totam.\", \"Vel natus inventore. Labore qui harum. Nesciunt sit placeat.\", \"Animi aut atque. Qui eos corrupti. Itaque ut ea.\", \"Sed animi iste. Iure aut maiores. Eos est totam.\", \"Vel natus inventore. Labore qui harum. Nesciunt sit placeat.\", \"Animi aut atque. Qui eos corrupti. Itaque ut ea.\", \"Sed animi iste. Iure aut maiores. Eos est totam.\", \"Vel natus inventore. Labore qui harum. Nesciunt sit placeat.\", \"Animi aut atque. Qui eos corrupti. Itaque ut ea.\"]', '2022-10-26 14:07:27.829625', '2022-10-26 14:07:27.829625')[0m
  [1m[36mTRANSACTION (52.5ms)[0m  [1m[35mCOMMIT[0m
  [1m[36mTRANSACTION (0.6ms)[0m  [1m[35mBEGIN[0m
  [1m[36mAbout Create (1.3ms)[0m  [1m[32mINSERT INTO `abouts` (`about_img`, `about_description`, `created_at`, `updated_at`) VALUES ('https://p4.wallpaperbetter.com/wallpaper/617/713/266/tokyo-revengers-manga-hd-wallpaper-preview.jpg', '[\"Nesciunt corrupti officiis. Et nulla soluta. Sapiente dolores voluptatibus.\", \"Quia reiciendis libero. Temporibus accusantium saepe. Deleniti temporibus nobis.\", \"Doloribus ratione sint. Beatae omnis nulla. Ad voluptates blanditiis.\", \"Nesciunt corrupti officiis. Et nulla soluta. Sapiente dolores voluptatibus.\", \"Quia reiciendis libero. Temporibus accusantium saepe. Deleniti temporibus nobis.\", \"Doloribus ratione sint. Beatae omnis nulla. Ad voluptates blanditiis.\", \"Nesciunt corrupti officiis. Et nulla soluta. Sapiente dolores voluptatibus.\", \"Quia reiciendis libero. Temporibus accusantium saepe. Deleniti temporibus nobis.\", \"Doloribus ratione sint. Beatae omnis nulla. Ad voluptates blanditiis.\", \"Nesciunt corrupti officiis. Et nulla soluta. Sapiente dolores voluptatibus.\", \"Quia reiciendis libero. Temporibus accusantium saepe. Deleniti temporibus nobis.\", \"Doloribus ratione sint. Beatae omnis nulla. Ad voluptates blanditiis.\"]', '2022-10-26 14:07:27.893360', '2022-10-26 14:07:27.893360')[0m
  [1m[36mTRANSACTION (57.3ms)[0m  [1m[35mCOMMIT[0m
  [1m[36mTRANSACTION (0.6ms)[0m  [1m[35mBEGIN[0m
  [1m[36mAbout Create (0.9ms)[0m  [1m[32mINSERT INTO `abouts` (`about_img`, `about_description`, `created_at`, `updated_at`) VALUES ('https://p4.wallpaperbetter.com/wallpaper/112/350/407/criminal-minds-wallpaper-preview.jpg', '[\"Cumque aut ut. Itaque a facilis. Quae explicabo nostrum.\", \"Sunt minima quis. Ullam perferendis qui. Dolores ut dignissimos.\", \"Cumque assumenda quos. Beatae corrupti voluptatem. Aut ratione voluptates.\", \"Cumque aut ut. Itaque a facilis. Quae explicabo nostrum.\", \"Sunt minima quis. Ullam perferendis qui. Dolores ut dignissimos.\", \"Cumque assumenda quos. Beatae corrupti voluptatem. Aut ratione voluptates.\", \"Cumque aut ut. Itaque a facilis. Quae explicabo nostrum.\", \"Sunt minima quis. Ullam perferendis qui. Dolores ut dignissimos.\", \"Cumque assumenda quos. Beatae corrupti voluptatem. Aut ratione voluptates.\", \"Cumque aut ut. Itaque a facilis. Quae explicabo nostrum.\", \"Sunt minima quis. Ullam perferendis qui. Dolores ut dignissimos.\", \"Cumque assumenda quos. Beatae corrupti voluptatem. Aut ratione voluptates.\"]', '2022-10-26 14:07:27.965847', '2022-10-26 14:07:27.965847')[0m
  [1m[36mTRANSACTION (56.6ms)[0m  [1m[35mCOMMIT[0m
  [1m[36mTRANSACTION (0.6ms)[0m  [1m[35mBEGIN[0m
  [1m[36mAbout Create (0.9ms)[0m  [1m[32mINSERT INTO `abouts` (`about_img`, `about_description`, `created_at`, `updated_at`) VALUES ('https://p4.wallpaperbetter.com/wallpaper/112/350/407/criminal-minds-wallpaper-preview.jpg', '[\"Non quis sit. Laboriosam recusandae officiis. Sed error odio.\", \"Dicta aperiam rerum. Et distinctio enim. Excepturi vero ullam.\", \"Alias tenetur fuga. Delectus tenetur repellendus. Amet rerum explicabo.\", \"Non quis sit. Laboriosam recusandae officiis. Sed error odio.\", \"Dicta aperiam rerum. Et distinctio enim. Excepturi vero ullam.\", \"Alias tenetur fuga. Delectus tenetur repellendus. Amet rerum explicabo.\", \"Non quis sit. Laboriosam recusandae officiis. Sed error odio.\", \"Dicta aperiam rerum. Et distinctio enim. Excepturi vero ullam.\", \"Alias tenetur fuga. Delectus tenetur repellendus. Amet rerum explicabo.\", \"Non quis sit. Laboriosam recusandae officiis. Sed error odio.\", \"Dicta aperiam rerum. Et distinctio enim. Excepturi vero ullam.\", \"Alias tenetur fuga. Delectus tenetur repellendus. Amet rerum explicabo.\"]', '2022-10-26 14:07:28.036532', '2022-10-26 14:07:28.036532')[0m
  [1m[36mTRANSACTION (57.2ms)[0m  [1m[35mCOMMIT[0m
  [1m[36mTRANSACTION (0.6ms)[0m  [1m[35mBEGIN[0m
  [1m[36mAbout Create (0.9ms)[0m  [1m[32mINSERT INTO `abouts` (`about_img`, `about_description`, `created_at`, `updated_at`) VALUES ('https://p4.wallpaperbetter.com/wallpaper/617/713/266/tokyo-revengers-manga-hd-wallpaper-preview.jpg', '[\"Quidem sapiente quasi. Soluta facere voluptates. Et adipisci ducimus.\", \"Beatae odio doloribus. Omnis in ea. Iusto et sint.\", \"Saepe sapiente ratione. Minima aut qui. Rem eius ut.\", \"Quidem sapiente quasi. Soluta facere voluptates. Et adipisci ducimus.\", \"Beatae odio doloribus. Omnis in ea. Iusto et sint.\", \"Saepe sapiente ratione. Minima aut qui. Rem eius ut.\", \"Quidem sapiente quasi. Soluta facere voluptates. Et adipisci ducimus.\", \"Beatae odio doloribus. Omnis in ea. Iusto et sint.\", \"Saepe sapiente ratione. Minima aut qui. Rem eius ut.\", \"Quidem sapiente quasi. Soluta facere voluptates. Et adipisci ducimus.\", \"Beatae odio doloribus. Omnis in ea. Iusto et sint.\", \"Saepe sapiente ratione. Minima aut qui. Rem eius ut.\"]', '2022-10-26 14:07:28.108259', '2022-10-26 14:07:28.108259')[0m
  [1m[36mTRANSACTION (57.2ms)[0m  [1m[35mCOMMIT[0m
  [1m[36mTRANSACTION (0.6ms)[0m  [1m[35mBEGIN[0m
  [1m[36mAbout Create (0.8ms)[0m  [1m[32mINSERT INTO `abouts` (`about_img`, `about_description`, `created_at`, `updated_at`) VALUES ('https://p4.wallpaperbetter.com/wallpaper/482/480/979/prison-school-morokuzu-takehito-wakamoto-shingo-nezu-j%C5%8Dji-wallpaper-preview.jpg', '[\"Recusandae nostrum in. Explicabo necessitatibus sunt. Harum neque facere.\", \"Est sed quia. Ratione tempora ut. Magnam doloremque id.\", \"Sint ut voluptate. Libero quam pariatur. Ad eos autem.\", \"Recusandae nostrum in. Explicabo necessitatibus sunt. Harum neque facere.\", \"Est sed quia. Ratione tempora ut. Magnam doloremque id.\", \"Sint ut voluptate. Libero quam pariatur. Ad eos autem.\", \"Recusandae nostrum in. Explicabo necessitatibus sunt. Harum neque facere.\", \"Est sed quia. Ratione tempora ut. Magnam doloremque id.\", \"Sint ut voluptate. Libero quam pariatur. Ad eos autem.\", \"Recusandae nostrum in. Explicabo necessitatibus sunt. Harum neque facere.\", \"Est sed quia. Ratione tempora ut. Magnam doloremque id.\", \"Sint ut voluptate. Libero quam pariatur. Ad eos autem.\"]', '2022-10-26 14:07:28.179223', '2022-10-26 14:07:28.179223')[0m
  [1m[36mTRANSACTION (57.5ms)[0m  [1m[35mCOMMIT[0m
  [1m[36mTRANSACTION (0.3ms)[0m  [1m[35mBEGIN[0m
  [1m[36mAbout Create (0.5ms)[0m  [1m[32mINSERT INTO `abouts` (`about_img`, `about_description`, `created_at`, `updated_at`) VALUES ('https://p4.wallpaperbetter.com/wallpaper/340/322/396/advice-advise-advisor-business-wallpaper-preview.jpg', '[\"Voluptas eligendi neque. Nobis nulla nihil. Dolorum est vero.\", \"In id aut. Fuga beatae cupiditate. Sed odio neque.\", \"Dolores est labore. Officia impedit quo. Totam quaerat deserunt.\", \"Voluptas eligendi neque. Nobis nulla nihil. Dolorum est vero.\", \"In id aut. Fuga beatae cupiditate. Sed odio neque.\", \"Dolores est labore. Officia impedit quo. Totam quaerat deserunt.\", \"Voluptas eligendi neque. Nobis nulla nihil. Dolorum est vero.\", \"In id aut. Fuga beatae cupiditate. Sed odio neque.\", \"Dolores est labore. Officia impedit quo. Totam quaerat deserunt.\", \"Voluptas eligendi neque. Nobis nulla nihil. Dolorum est vero.\", \"In id aut. Fuga beatae cupiditate. Sed odio neque.\", \"Dolores est labore. Officia impedit quo. Totam quaerat deserunt.\"]', '2022-10-26 14:07:28.248673', '2022-10-26 14:07:28.248673')[0m
  [1m[36mTRANSACTION (51.9ms)[0m  [1m[35mCOMMIT[0m
  [1m[36mTRANSACTION (0.3ms)[0m  [1m[35mBEGIN[0m
  [1m[36mHomeBanner Create (13.7ms)[0m  [1m[32mINSERT INTO `home_banners` (`title`, `image_url`, `created_at`, `updated_at`) VALUES ('Minima dignissimos sed laboriosam.', 'https://p4.wallpaperbetter.com/wallpaper/51/170/500/watch-dogs-banner-wallpaper-preview.jpg', '2022-10-26 14:07:28.317382', '2022-10-26 14:07:28.317382')[0m
  [1m[36mTRANSACTION (75.4ms)[0m  [1m[35mCOMMIT[0m
  [1m[36mTRANSACTION (0.3ms)[0m  [1m[35mBEGIN[0m
  [1m[36mHomeBanner Create (0.4ms)[0m  [1m[32mINSERT INTO `home_banners` (`title`, `image_url`, `created_at`, `updated_at`) VALUES ('Sapiente alias eligendi provident.', 'https://p4.wallpaperbetter.com/wallpaper/476/313/301/dominik-mayer-fantasy-art-banner-knight-wallpaper-preview.jpg', '2022-10-26 14:07:28.410650', '2022-10-26 14:07:28.410650')[0m
  [1m[36mTRANSACTION (55.6ms)[0m  [1m[35mCOMMIT[0m
  [1m[36mTRANSACTION (0.3ms)[0m  [1m[35mBEGIN[0m
  [1m[36mHomeBanner Create (0.3ms)[0m  [1m[32mINSERT INTO `home_banners` (`title`, `image_url`, `created_at`, `updated_at`) VALUES ('Quia aut in officia.', 'https://p4.wallpaperbetter.com/wallpaper/196/761/195/game-of-thrones-house-crests-assorted-yellow-red-and-black-wolf-banners-wallpaper-preview.jpg', '2022-10-26 14:07:28.471010', '2022-10-26 14:07:28.471010')[0m
  [1m[36mTRANSACTION (56.1ms)[0m  [1m[35mCOMMIT[0m
  [1m[36mTRANSACTION (0.6ms)[0m  [1m[35mBEGIN[0m
  [1m[36mHomeBanner Create (0.9ms)[0m  [1m[32mINSERT INTO `home_banners` (`title`, `image_url`, `created_at`, `updated_at`) VALUES ('Atque fugit repellat labore.', 'https://p4.wallpaperbetter.com/wallpaper/717/711/586/razer-inc-banner-hd-wallpaper-preview.jpg', '2022-10-26 14:07:28.533378', '2022-10-26 14:07:28.533378')[0m
  [1m[36mTRANSACTION (49.1ms)[0m  [1m[35mCOMMIT[0m
  [1m[36mTRANSACTION (0.3ms)[0m  [1m[35mBEGIN[0m
  [1m[36mHomeBanner Create (0.5ms)[0m  [1m[32mINSERT INTO `home_banners` (`title`, `image_url`, `created_at`, `updated_at`) VALUES ('Voluptatem vitae eveniet ut.', 'https://p4.wallpaperbetter.com/wallpaper/762/486/529/the-banner-saga-video-games-artwork-concept-art-wallpaper-preview.jpg', '2022-10-26 14:07:28.594588', '2022-10-26 14:07:28.594588')[0m
  [1m[36mTRANSACTION (52.1ms)[0m  [1m[35mCOMMIT[0m
Started GET "/events" for 127.0.0.1 at 2022-10-26 17:07:58 +0300
  [1m[36mActiveRecord::SchemaMigration Pluck (0.3ms)[0m  [1m[34mSELECT `schema_migrations`.`version` FROM `schema_migrations` ORDER BY `schema_migrations`.`version` ASC[0m
Processing by EventsController#index as */*
  [1m[36mEvent Load (1.5ms)[0m  [1m[34mSELECT `events`.* FROM `events`[0m
  ↳ app/controllers/events_controller.rb:5:in `index'
[active_model_serializers]   [1m[36mCategory Load (0.7ms)[0m  [1m[34mSELECT `categories`.* FROM `categories` WHERE `categories`.`id` = 1 LIMIT 1[0m
[active_model_serializers]   ↳ app/controllers/events_controller.rb:5:in `index'
[active_model_serializers]   [1m[36mUser Load (0.4ms)[0m  [1m[34mSELECT `users`.* FROM `users` INNER JOIN `tickets` ON `users`.`id` = `tickets`.`user_id` WHERE `tickets`.`event_id` = 1[0m
[active_model_serializers]   ↳ app/controllers/events_controller.rb:5:in `index'
[active_model_serializers]   [1m[36mTicket Load (0.4ms)[0m  [1m[34mSELECT `tickets`.* FROM `tickets` WHERE `tickets`.`event_id` = 1[0m
[active_model_serializers]   ↳ app/controllers/events_controller.rb:5:in `index'
[active_model_serializers]   [1m[36mCACHE Category Load (0.0ms)[0m  [1m[34mSELECT `categories`.* FROM `categories` WHERE `categories`.`id` = 1 LIMIT 1[0m
[active_model_serializers]   ↳ app/controllers/events_controller.rb:5:in `index'
[active_model_serializers]   [1m[36mUser Load (0.9ms)[0m  [1m[34mSELECT `users`.* FROM `users` INNER JOIN `tickets` ON `users`.`id` = `tickets`.`user_id` WHERE `tickets`.`event_id` = 2[0m
[active_model_serializers]   ↳ app/controllers/events_controller.rb:5:in `index'
[active_model_serializers]   [1m[36mTicket Load (0.5ms)[0m  [1m[34mSELECT `tickets`.* FROM `tickets` WHERE `tickets`.`event_id` = 2[0m
[active_model_serializers]   ↳ app/controllers/events_controller.rb:5:in `index'
[active_model_serializers]   [1m[36mCategory Load (0.5ms)[0m  [1m[34mSELECT `categories`.* FROM `categories` WHERE `categories`.`id` = 2 LIMIT 1[0m
[active_model_serializers]   ↳ app/controllers/events_controller.rb:5:in `index'
[active_model_serializers]   [1m[36mUser Load (0.5ms)[0m  [1m[34mSELECT `users`.* FROM `users` INNER JOIN `tickets` ON `users`.`id` = `tickets`.`user_id` WHERE `tickets`.`event_id` = 3[0m
[active_model_serializers]   ↳ app/controllers/events_controller.rb:5:in `index'
[active_model_serializers]   [1m[36mTicket Load (0.5ms)[0m  [1m[34mSELECT `tickets`.* FROM `tickets` WHERE `tickets`.`event_id` = 3[0m
[active_model_serializers]   ↳ app/controllers/events_controller.rb:5:in `index'
[active_model_serializers]   [1m[36mCACHE Category Load (0.0ms)[0m  [1m[34mSELECT `categories`.* FROM `categories` WHERE `categories`.`id` = 2 LIMIT 1[0m
[active_model_serializers]   ↳ app/controllers/events_controller.rb:5:in `index'
[active_model_serializers]   [1m[36mUser Load (0.4ms)[0m  [1m[34mSELECT `users`.* FROM `users` INNER JOIN `tickets` ON `users`.`id` = `tickets`.`user_id` WHERE `tickets`.`event_id` = 4[0m
[active_model_serializers]   ↳ app/controllers/events_controller.rb:5:in `index'
[active_model_serializers]   [1m[36mTicket Load (0.5ms)[0m  [1m[34mSELECT `tickets`.* FROM `tickets` WHERE `tickets`.`event_id` = 4[0m
[active_model_serializers]   ↳ app/controllers/events_controller.rb:5:in `index'
[active_model_serializers]   [1m[36mCategory Load (0.5ms)[0m  [1m[34mSELECT `categories`.* FROM `categories` WHERE `categories`.`id` = 3 LIMIT 1[0m
[active_model_serializers]   ↳ app/controllers/events_controller.rb:5:in `index'
[active_model_serializers]   [1m[36mUser Load (0.4ms)[0m  [1m[34mSELECT `users`.* FROM `users` INNER JOIN `tickets` ON `users`.`id` = `tickets`.`user_id` WHERE `tickets`.`event_id` = 5[0m
[active_model_serializers]   ↳ app/controllers/events_controller.rb:5:in `index'
[active_model_serializers]   [1m[36mTicket Load (0.4ms)[0m  [1m[34mSELECT `tickets`.* FROM `tickets` WHERE `tickets`.`event_id` = 5[0m
[active_model_serializers]   ↳ app/controllers/events_controller.rb:5:in `index'
[active_model_serializers]   [1m[36mCACHE Category Load (0.0ms)[0m  [1m[34mSELECT `categories`.* FROM `categories` WHERE `categories`.`id` = 3 LIMIT 1[0m
[active_model_serializers]   ↳ app/controllers/events_controller.rb:5:in `index'
[active_model_serializers]   [1m[36mUser Load (0.6ms)[0m  [1m[34mSELECT `users`.* FROM `users` INNER JOIN `tickets` ON `users`.`id` = `tickets`.`user_id` WHERE `tickets`.`event_id` = 6[0m
[active_model_serializers]   ↳ app/controllers/events_controller.rb:5:in `index'
[active_model_serializers]   [1m[36mTicket Load (0.4ms)[0m  [1m[34mSELECT `tickets`.* FROM `tickets` WHERE `tickets`.`event_id` = 6[0m
[active_model_serializers]   ↳ app/controllers/events_controller.rb:5:in `index'
[active_model_serializers] Rendered ActiveModel::Serializer::CollectionSerializer with ActiveModelSerializers::Adapter::Attributes (155.71ms)
Completed 200 OK in 469ms (Views: 330.5ms | ActiveRecord: 18.4ms | Allocations: 121147)


Started GET "/home_banners" for 127.0.0.1 at 2022-10-26 17:07:58 +0300
Processing by HomeBannersController#index as */*
  [1m[36mHomeBanner Load (0.4ms)[0m  [1m[34mSELECT `home_banners`.* FROM `home_banners`[0m
  ↳ app/controllers/home_banners_controller.rb:5:in `index'
[active_model_serializers] Rendered ActiveModel::Serializer::CollectionSerializer with ActiveModelSerializers::Adapter::Attributes (0.67ms)
Completed 200 OK in 16ms (Views: 13.1ms | ActiveRecord: 1.4ms | Allocations: 14951)


Started GET "/events" for 127.0.0.1 at 2022-10-26 17:08:06 +0300
Processing by EventsController#index as */*
  [1m[36mEvent Load (0.6ms)[0m  [1m[34mSELECT `events`.* FROM `events`[0m
  ↳ app/controllers/events_controller.rb:5:in `index'
[active_model_serializers]   [1m[36mCategory Load (0.5ms)[0m  [1m[34mSELECT `categories`.* FROM `categories` WHERE `categories`.`id` = 1 LIMIT 1[0m
[active_model_serializers]   ↳ app/controllers/events_controller.rb:5:in `index'
[active_model_serializers]   [1m[36mUser Load (0.7ms)[0m  [1m[34mSELECT `users`.* FROM `users` INNER JOIN `tickets` ON `users`.`id` = `tickets`.`user_id` WHERE `tickets`.`event_id` = 1[0m
[active_model_serializers]   ↳ app/controllers/events_controller.rb:5:in `index'
[active_model_serializers]   [1m[36mTicket Load (0.5ms)[0m  [1m[34mSELECT `tickets`.* FROM `tickets` WHERE `tickets`.`event_id` = 1[0m
[active_model_serializers]   ↳ app/controllers/events_controller.rb:5:in `index'
[active_model_serializers]   [1m[36mCACHE Category Load (0.0ms)[0m  [1m[34mSELECT `categories`.* FROM `categories` WHERE `categories`.`id` = 1 LIMIT 1[0m
[active_model_serializers]   ↳ app/controllers/events_controller.rb:5:in `index'
[active_model_serializers]   [1m[36mUser Load (0.7ms)[0m  [1m[34mSELECT `users`.* FROM `users` INNER JOIN `tickets` ON `users`.`id` = `tickets`.`user_id` WHERE `tickets`.`event_id` = 2[0m
[active_model_serializers]   ↳ app/controllers/events_controller.rb:5:in `index'
[active_model_serializers]   [1m[36mTicket Load (0.4ms)[0m  [1m[34mSELECT `tickets`.* FROM `tickets` WHERE `tickets`.`event_id` = 2[0m
[active_model_serializers]   ↳ app/controllers/events_controller.rb:5:in `index'
[active_model_serializers]   [1m[36mCategory Load (0.4ms)[0m  [1m[34mSELECT `categories`.* FROM `categories` WHERE `categories`.`id` = 2 LIMIT 1[0m
[active_model_serializers]   ↳ app/controllers/events_controller.rb:5:in `index'
[active_model_serializers]   [1m[36mUser Load (0.4ms)[0m  [1m[34mSELECT `users`.* FROM `users` INNER JOIN `tickets` ON `users`.`id` = `tickets`.`user_id` WHERE `tickets`.`event_id` = 3[0m
[active_model_serializers]   ↳ app/controllers/events_controller.rb:5:in `index'
[active_model_serializers]   [1m[36mTicket Load (0.4ms)[0m  [1m[34mSELECT `tickets`.* FROM `tickets` WHERE `tickets`.`event_id` = 3[0m
[active_model_serializers]   ↳ app/controllers/events_controller.rb:5:in `index'
[active_model_serializers]   [1m[36mCACHE Category Load (0.0ms)[0m  [1m[34mSELECT `categories`.* FROM `categories` WHERE `categories`.`id` = 2 LIMIT 1[0m
[active_model_serializers]   ↳ app/controllers/events_controller.rb:5:in `index'
[active_model_serializers]   [1m[36mUser Load (0.6ms)[0m  [1m[34mSELECT `users`.* FROM `users` INNER JOIN `tickets` ON `users`.`id` = `tickets`.`user_id` WHERE `tickets`.`event_id` = 4[0m
[active_model_serializers]   ↳ app/controllers/events_controller.rb:5:in `index'
[active_model_serializers]   [1m[36mTicket Load (0.5ms)[0m  [1m[34mSELECT `tickets`.* FROM `tickets` WHERE `tickets`.`event_id` = 4[0m
[active_model_serializers]   ↳ app/controllers/events_controller.rb:5:in `index'
[active_model_serializers]   [1m[36mCategory Load (0.4ms)[0m  [1m[34mSELECT `categories`.* FROM `categories` WHERE `categories`.`id` = 3 LIMIT 1[0m
[active_model_serializers]   ↳ app/controllers/events_controller.rb:5:in `index'
[active_model_serializers]   [1m[36mUser Load (0.5ms)[0m  [1m[34mSELECT `users`.* FROM `users` INNER JOIN `tickets` ON `users`.`id` = `tickets`.`user_id` WHERE `tickets`.`event_id` = 5[0m
[active_model_serializers]   ↳ app/controllers/events_controller.rb:5:in `index'
[active_model_serializers]   [1m[36mTicket Load (0.5ms)[0m  [1m[34mSELECT `tickets`.* FROM `tickets` WHERE `tickets`.`event_id` = 5[0m
[active_model_serializers]   ↳ app/controllers/events_controller.rb:5:in `index'
[active_model_serializers]   [1m[36mCACHE Category Load (0.0ms)[0m  [1m[34mSELECT `categories`.* FROM `categories` WHERE `categories`.`id` = 3 LIMIT 1[0m
[active_model_serializers]   ↳ app/controllers/events_controller.rb:5:in `index'
[active_model_serializers]   [1m[36mUser Load (0.5ms)[0m  [1m[34mSELECT `users`.* FROM `users` INNER JOIN `tickets` ON `users`.`id` = `tickets`.`user_id` WHERE `tickets`.`event_id` = 6[0m
[active_model_serializers]   ↳ app/controllers/events_controller.rb:5:in `index'
[active_model_serializers]   [1m[36mTicket Load (0.4ms)[0m  [1m[34mSELECT `tickets`.* FROM `tickets` WHERE `tickets`.`event_id` = 6[0m
[active_model_serializers]   ↳ app/controllers/events_controller.rb:5:in `index'
[active_model_serializers] Rendered ActiveModel::Serializer::CollectionSerializer with ActiveModelSerializers::Adapter::Attributes (72.81ms)
Completed 200 OK in 78ms (Views: 69.6ms | ActiveRecord: 8.0ms | Allocations: 26293)


Started GET "/home_banners" for 127.0.0.1 at 2022-10-26 17:08:06 +0300
Processing by HomeBannersController#index as */*
  [1m[36mHomeBanner Load (0.3ms)[0m  [1m[34mSELECT `home_banners`.* FROM `home_banners`[0m
  ↳ app/controllers/home_banners_controller.rb:5:in `index'
[active_model_serializers] Rendered ActiveModel::Serializer::CollectionSerializer with ActiveModelSerializers::Adapter::Attributes (0.76ms)
Completed 200 OK in 4ms (Views: 3.2ms | ActiveRecord: 0.3ms | Allocations: 1378)


Started GET "/events/6" for ::1 at 2022-10-26 17:08:22 +0300
Processing by EventsController#show as */*
  Parameters: {"id"=>"6"}
  [1m[36mEvent Load (0.5ms)[0m  [1m[34mSELECT `events`.* FROM `events` WHERE `events`.`id` = 6 LIMIT 1[0m
  ↳ app/controllers/events_controller.rb:32:in `find_event'
[active_model_serializers]   [1m[36mCategory Load (0.5ms)[0m  [1m[34mSELECT `categories`.* FROM `categories` WHERE `categories`.`id` = 3 LIMIT 1[0m
[active_model_serializers]   ↳ app/controllers/events_controller.rb:10:in `show'
[active_model_serializers]   [1m[36mUser Load (0.5ms)[0m  [1m[34mSELECT `users`.* FROM `users` INNER JOIN `tickets` ON `users`.`id` = `tickets`.`user_id` WHERE `tickets`.`event_id` = 6[0m
[active_model_serializers]   ↳ app/controllers/events_controller.rb:10:in `show'
[active_model_serializers]   [1m[36mTicket Load (0.5ms)[0m  [1m[34mSELECT `tickets`.* FROM `tickets` WHERE `tickets`.`event_id` = 6[0m
[active_model_serializers]   ↳ app/controllers/events_controller.rb:10:in `show'
[active_model_serializers] Rendered EventSerializer with ActiveModelSerializers::Adapter::Attributes (11.58ms)
Completed 200 OK in 15ms (Views: 10.8ms | ActiveRecord: 2.0ms | Allocations: 4656)


Started GET "/events/6" for ::1 at 2022-10-26 17:08:22 +0300
Processing by EventsController#show as */*
  Parameters: {"id"=>"6"}
  [1m[36mEvent Load (0.4ms)[0m  [1m[34mSELECT `events`.* FROM `events` WHERE `events`.`id` = 6 LIMIT 1[0m
  ↳ app/controllers/events_controller.rb:32:in `find_event'
[active_model_serializers]   [1m[36mCategory Load (0.4ms)[0m  [1m[34mSELECT `categories`.* FROM `categories` WHERE `categories`.`id` = 3 LIMIT 1[0m
[active_model_serializers]   ↳ app/controllers/events_controller.rb:10:in `show'
[active_model_serializers]   [1m[36mUser Load (0.5ms)[0m  [1m[34mSELECT `users`.* FROM `users` INNER JOIN `tickets` ON `users`.`id` = `tickets`.`user_id` WHERE `tickets`.`event_id` = 6[0m
[active_model_serializers]   ↳ app/controllers/events_controller.rb:10:in `show'
[active_model_serializers]   [1m[36mTicket Load (0.4ms)[0m  [1m[34mSELECT `tickets`.* FROM `tickets` WHERE `tickets`.`event_id` = 6[0m
[active_model_serializers]   ↳ app/controllers/events_controller.rb:10:in `show'
[active_model_serializers] Rendered EventSerializer with ActiveModelSerializers::Adapter::Attributes (10.64ms)
Completed 200 OK in 14ms (Views: 10.2ms | ActiveRecord: 1.7ms | Allocations: 4513)


